2025/04/26 00:19:52 [emerg] 1#1: "server" directive is not allowed here in /etc/nginx/nginx.conf:1
2025/04/26 00:19:52 [emerg] 1#1: "server" directive is not allowed here in /etc/nginx/nginx.conf:1
2025/04/26 00:19:52 [emerg] 1#1: "server" directive is not allowed here in /etc/nginx/nginx.conf:1
2025/04/26 00:19:53 [emerg] 1#1: "server" directive is not allowed here in /etc/nginx/nginx.conf:1
2025/04/26 00:19:54 [emerg] 1#1: "server" directive is not allowed here in /etc/nginx/nginx.conf:1
2025/04/26 00:19:56 [emerg] 1#1: "server" directive is not allowed here in /etc/nginx/nginx.conf:1
2025/04/26 00:19:59 [emerg] 1#1: "server" directive is not allowed here in /etc/nginx/nginx.conf:1
2025/04/26 00:20:06 [emerg] 1#1: "server" directive is not allowed here in /etc/nginx/nginx.conf:1
2025/04/26 00:20:19 [emerg] 1#1: "server" directive is not allowed here in /etc/nginx/nginx.conf:1
2025/04/26 00:20:44 [emerg] 1#1: "server" directive is not allowed here in /etc/nginx/nginx.conf:1
2025/04/26 00:21:36 [emerg] 1#1: "server" directive is not allowed here in /etc/nginx/nginx.conf:1
2025/04/26 00:22:36 [emerg] 1#1: "server" directive is not allowed here in /etc/nginx/nginx.conf:1
2025/04/26 00:23:36 [emerg] 1#1: "server" directive is not allowed here in /etc/nginx/nginx.conf:1
2025/04/26 00:23:39 [emerg] 1#1: open() "/etc/nginx/nginx.conf" failed (2: No such file or directory)
2025/04/26 00:23:39 [emerg] 1#1: open() "/etc/nginx/nginx.conf" failed (2: No such file or directory)
2025/04/26 00:23:39 [emerg] 1#1: open() "/etc/nginx/nginx.conf" failed (2: No such file or directory)
2025/04/26 00:23:40 [emerg] 1#1: open() "/etc/nginx/nginx.conf" failed (2: No such file or directory)
2025/04/26 00:23:41 [emerg] 1#1: open() "/etc/nginx/nginx.conf" failed (2: No such file or directory)
2025/04/26 00:23:43 [emerg] 1#1: open() "/etc/nginx/nginx.conf" failed (2: No such file or directory)
2025/04/26 00:23:46 [emerg] 1#1: open() "/etc/nginx/nginx.conf" failed (2: No such file or directory)
2025/04/26 00:23:53 [emerg] 1#1: open() "/etc/nginx/nginx.conf" failed (2: No such file or directory)
2025/04/26 00:24:05 [emerg] 1#1: open() "/etc/nginx/nginx.conf" failed (2: No such file or directory)
2025/04/26 00:24:31 [emerg] 1#1: open() "/etc/nginx/nginx.conf" failed (2: No such file or directory)
2025/04/26 00:25:23 [emerg] 1#1: open() "/etc/nginx/nginx.conf" failed (2: No such file or directory)
2025/04/26 00:26:23 [emerg] 1#1: open() "/etc/nginx/nginx.conf" failed (2: No such file or directory)
2025/04/26 00:27:23 [emerg] 1#1: open() "/etc/nginx/nginx.conf" failed (2: No such file or directory)
2025/04/26 00:28:23 [emerg] 1#1: open() "/etc/nginx/nginx.conf" failed (2: No such file or directory)
2025/04/26 00:28:29 [emerg] 1#1: open() "/etc/nginx/nginx.conf" failed (2: No such file or directory)
2025/04/26 00:28:29 [emerg] 1#1: open() "/etc/nginx/nginx.conf" failed (2: No such file or directory)
2025/04/26 00:28:29 [emerg] 1#1: open() "/etc/nginx/nginx.conf" failed (2: No such file or directory)
2025/04/26 00:28:30 [emerg] 1#1: open() "/etc/nginx/nginx.conf" failed (2: No such file or directory)
2025/04/26 00:28:31 [emerg] 1#1: open() "/etc/nginx/nginx.conf" failed (2: No such file or directory)
2025/04/26 00:28:33 [emerg] 1#1: open() "/etc/nginx/nginx.conf" failed (2: No such file or directory)
2025/04/26 00:28:36 [emerg] 1#1: open() "/etc/nginx/nginx.conf" failed (2: No such file or directory)
2025/04/26 00:28:43 [emerg] 1#1: open() "/etc/nginx/nginx.conf" failed (2: No such file or directory)
2025/04/26 00:28:56 [emerg] 1#1: open() "/etc/nginx/nginx.conf" failed (2: No such file or directory)
2025/04/26 00:29:21 [emerg] 1#1: open() "/etc/nginx/nginx.conf" failed (2: No such file or directory)
2025/04/26 00:29:37 [emerg] 1#1: open() "/etc/nginx/nginx.conf" failed (2: No such file or directory)
2025/04/26 00:29:38 [emerg] 1#1: open() "/etc/nginx/nginx.conf" failed (2: No such file or directory)
2025/04/26 00:29:38 [emerg] 1#1: open() "/etc/nginx/nginx.conf" failed (2: No such file or directory)
2025/04/26 00:29:39 [emerg] 1#1: open() "/etc/nginx/nginx.conf" failed (2: No such file or directory)
2025/04/26 00:29:40 [emerg] 1#1: open() "/etc/nginx/nginx.conf" failed (2: No such file or directory)
2025/04/26 00:29:41 [emerg] 1#1: open() "/etc/nginx/nginx.conf" failed (2: No such file or directory)
2025/04/26 00:29:45 [emerg] 1#1: open() "/etc/nginx/nginx.conf" failed (2: No such file or directory)
2025/04/26 00:29:51 [emerg] 1#1: open() "/etc/nginx/nginx.conf" failed (2: No such file or directory)
2025/04/26 00:30:04 [emerg] 1#1: open() "/etc/nginx/nginx.conf" failed (2: No such file or directory)
2025/04/27 16:59:59 [emerg] 1#1: cannot load certificate "/etc/nginx/ssl/servidor-web.crt": BIO_new_file() failed (SSL: error:80000002:system library::No such file or directory:calling fopen(/etc/nginx/ssl/servidor-web.crt, r) error:10000080:BIO routines::no such file)
2025/04/27 17:00:00 [emerg] 1#1: cannot load certificate "/etc/nginx/ssl/servidor-web.crt": BIO_new_file() failed (SSL: error:80000002:system library::No such file or directory:calling fopen(/etc/nginx/ssl/servidor-web.crt, r) error:10000080:BIO routines::no such file)
2025/04/27 17:00:01 [emerg] 1#1: cannot load certificate "/etc/nginx/ssl/servidor-web.crt": BIO_new_file() failed (SSL: error:80000002:system library::No such file or directory:calling fopen(/etc/nginx/ssl/servidor-web.crt, r) error:10000080:BIO routines::no such file)
2025/04/27 17:00:02 [emerg] 1#1: cannot load certificate "/etc/nginx/ssl/servidor-web.crt": BIO_new_file() failed (SSL: error:80000002:system library::No such file or directory:calling fopen(/etc/nginx/ssl/servidor-web.crt, r) error:10000080:BIO routines::no such file)
2025/04/27 17:00:03 [emerg] 1#1: cannot load certificate "/etc/nginx/ssl/servidor-web.crt": BIO_new_file() failed (SSL: error:80000002:system library::No such file or directory:calling fopen(/etc/nginx/ssl/servidor-web.crt, r) error:10000080:BIO routines::no such file)
2025/04/27 17:00:05 [emerg] 1#1: cannot load certificate "/etc/nginx/ssl/servidor-web.crt": BIO_new_file() failed (SSL: error:80000002:system library::No such file or directory:calling fopen(/etc/nginx/ssl/servidor-web.crt, r) error:10000080:BIO routines::no such file)
2025/04/27 17:00:09 [emerg] 1#1: cannot load certificate "/etc/nginx/ssl/servidor-web.crt": BIO_new_file() failed (SSL: error:80000002:system library::No such file or directory:calling fopen(/etc/nginx/ssl/servidor-web.crt, r) error:10000080:BIO routines::no such file)
2025/04/27 17:00:15 [emerg] 1#1: cannot load certificate "/etc/nginx/ssl/servidor-web.crt": BIO_new_file() failed (SSL: error:80000002:system library::No such file or directory:calling fopen(/etc/nginx/ssl/servidor-web.crt, r) error:10000080:BIO routines::no such file)
2025/04/27 17:00:28 [emerg] 1#1: cannot load certificate "/etc/nginx/ssl/servidor-web.crt": BIO_new_file() failed (SSL: error:80000002:system library::No such file or directory:calling fopen(/etc/nginx/ssl/servidor-web.crt, r) error:10000080:BIO routines::no such file)
2025/04/27 17:00:54 [emerg] 1#1: cannot load certificate "/etc/nginx/ssl/servidor-web.crt": BIO_new_file() failed (SSL: error:80000002:system library::No such file or directory:calling fopen(/etc/nginx/ssl/servidor-web.crt, r) error:10000080:BIO routines::no such file)
2025/04/27 17:01:45 [emerg] 1#1: cannot load certificate "/etc/nginx/ssl/servidor-web.crt": BIO_new_file() failed (SSL: error:80000002:system library::No such file or directory:calling fopen(/etc/nginx/ssl/servidor-web.crt, r) error:10000080:BIO routines::no such file)
2025/04/27 17:02:46 [emerg] 1#1: cannot load certificate "/etc/nginx/ssl/servidor-web.crt": BIO_new_file() failed (SSL: error:80000002:system library::No such file or directory:calling fopen(/etc/nginx/ssl/servidor-web.crt, r) error:10000080:BIO routines::no such file)
2025/04/27 17:03:46 [emerg] 1#1: cannot load certificate "/etc/nginx/ssl/servidor-web.crt": BIO_new_file() failed (SSL: error:80000002:system library::No such file or directory:calling fopen(/etc/nginx/ssl/servidor-web.crt, r) error:10000080:BIO routines::no such file)
2025/04/27 17:04:46 [emerg] 1#1: cannot load certificate "/etc/nginx/ssl/servidor-web.crt": BIO_new_file() failed (SSL: error:80000002:system library::No such file or directory:calling fopen(/etc/nginx/ssl/servidor-web.crt, r) error:10000080:BIO routines::no such file)
2025/04/27 17:05:46 [emerg] 1#1: cannot load certificate "/etc/nginx/ssl/servidor-web.crt": BIO_new_file() failed (SSL: error:80000002:system library::No such file or directory:calling fopen(/etc/nginx/ssl/servidor-web.crt, r) error:10000080:BIO routines::no such file)
2025/04/27 17:06:20 [emerg] 1#1: cannot load certificate "/etc/nginx/ssl/servidor-web.crt": BIO_new_file() failed (SSL: error:80000002:system library::No such file or directory:calling fopen(/etc/nginx/ssl/servidor-web.crt, r) error:10000080:BIO routines::no such file)
2025/04/27 17:06:20 [emerg] 1#1: cannot load certificate "/etc/nginx/ssl/servidor-web.crt": BIO_new_file() failed (SSL: error:80000002:system library::No such file or directory:calling fopen(/etc/nginx/ssl/servidor-web.crt, r) error:10000080:BIO routines::no such file)
2025/04/27 17:06:21 [emerg] 1#1: cannot load certificate "/etc/nginx/ssl/servidor-web.crt": BIO_new_file() failed (SSL: error:80000002:system library::No such file or directory:calling fopen(/etc/nginx/ssl/servidor-web.crt, r) error:10000080:BIO routines::no such file)
2025/04/27 17:06:22 [emerg] 1#1: cannot load certificate "/etc/nginx/ssl/servidor-web.crt": BIO_new_file() failed (SSL: error:80000002:system library::No such file or directory:calling fopen(/etc/nginx/ssl/servidor-web.crt, r) error:10000080:BIO routines::no such file)
2025/04/27 17:06:24 [emerg] 1#1: cannot load certificate "/etc/nginx/ssl/servidor-web.crt": BIO_new_file() failed (SSL: error:80000002:system library::No such file or directory:calling fopen(/etc/nginx/ssl/servidor-web.crt, r) error:10000080:BIO routines::no such file)
2025/04/27 17:06:26 [emerg] 1#1: cannot load certificate "/etc/nginx/ssl/servidor-web.crt": BIO_new_file() failed (SSL: error:80000002:system library::No such file or directory:calling fopen(/etc/nginx/ssl/servidor-web.crt, r) error:10000080:BIO routines::no such file)
2025/04/27 17:06:30 [emerg] 1#1: cannot load certificate "/etc/nginx/ssl/servidor-web.crt": BIO_new_file() failed (SSL: error:80000002:system library::No such file or directory:calling fopen(/etc/nginx/ssl/servidor-web.crt, r) error:10000080:BIO routines::no such file)
2025/04/27 17:06:36 [emerg] 1#1: cannot load certificate "/etc/nginx/ssl/servidor-web.crt": BIO_new_file() failed (SSL: error:80000002:system library::No such file or directory:calling fopen(/etc/nginx/ssl/servidor-web.crt, r) error:10000080:BIO routines::no such file)
2025/04/27 17:06:49 [emerg] 1#1: cannot load certificate "/etc/nginx/ssl/servidor-web.crt": BIO_new_file() failed (SSL: error:80000002:system library::No such file or directory:calling fopen(/etc/nginx/ssl/servidor-web.crt, r) error:10000080:BIO routines::no such file)
2025/04/27 17:07:15 [emerg] 1#1: cannot load certificate "/etc/nginx/ssl/servidor-web.crt": BIO_new_file() failed (SSL: error:80000002:system library::No such file or directory:calling fopen(/etc/nginx/ssl/servidor-web.crt, r) error:10000080:BIO routines::no such file)
2025/04/27 17:08:06 [emerg] 1#1: cannot load certificate "/etc/nginx/ssl/servidor-web.crt": BIO_new_file() failed (SSL: error:80000002:system library::No such file or directory:calling fopen(/etc/nginx/ssl/servidor-web.crt, r) error:10000080:BIO routines::no such file)
2025/04/29 19:37:18 [emerg] 1#1: unknown directive "SSLProtocol" in /etc/nginx/nginx.conf:43
2025/04/29 19:37:18 [emerg] 1#1: unknown directive "SSLProtocol" in /etc/nginx/nginx.conf:43
2025/04/29 19:37:19 [emerg] 1#1: unknown directive "SSLProtocol" in /etc/nginx/nginx.conf:43
2025/04/29 19:37:19 [emerg] 1#1: unknown directive "SSLProtocol" in /etc/nginx/nginx.conf:43
2025/04/29 19:37:20 [emerg] 1#1: unknown directive "SSLProtocol" in /etc/nginx/nginx.conf:43
2025/04/29 19:37:22 [emerg] 1#1: unknown directive "SSLProtocol" in /etc/nginx/nginx.conf:43
2025/04/29 19:37:25 [emerg] 1#1: unknown directive "SSLProtocol" in /etc/nginx/nginx.conf:43
2025/04/29 19:37:32 [emerg] 1#1: unknown directive "SSLProtocol" in /etc/nginx/nginx.conf:43
2025/04/29 19:37:45 [emerg] 1#1: unknown directive "SSLProtocol" in /etc/nginx/nginx.conf:43
2025/04/29 19:38:11 [emerg] 1#1: unknown directive "SSLProtocol" in /etc/nginx/nginx.conf:43
2025/04/29 19:39:02 [emerg] 1#1: unknown directive "SSLProtocol" in /etc/nginx/nginx.conf:43
2025/04/29 20:12:55 [emerg] 1#1: the size 10485760 of shared memory zone "SSL" conflicts with already declared size 52428800 in /etc/nginx/nginx.conf:49
2025/04/29 20:12:55 [emerg] 1#1: the size 10485760 of shared memory zone "SSL" conflicts with already declared size 52428800 in /etc/nginx/nginx.conf:49
2025/04/29 20:12:56 [emerg] 1#1: the size 10485760 of shared memory zone "SSL" conflicts with already declared size 52428800 in /etc/nginx/nginx.conf:49
2025/04/29 20:12:57 [emerg] 1#1: the size 10485760 of shared memory zone "SSL" conflicts with already declared size 52428800 in /etc/nginx/nginx.conf:49
2025/04/29 20:12:58 [emerg] 1#1: the size 10485760 of shared memory zone "SSL" conflicts with already declared size 52428800 in /etc/nginx/nginx.conf:49
2025/04/29 20:12:59 [emerg] 1#1: the size 10485760 of shared memory zone "SSL" conflicts with already declared size 52428800 in /etc/nginx/nginx.conf:49
2025/04/29 20:13:03 [emerg] 1#1: the size 10485760 of shared memory zone "SSL" conflicts with already declared size 52428800 in /etc/nginx/nginx.conf:49
2025/04/29 20:13:09 [emerg] 1#1: the size 10485760 of shared memory zone "SSL" conflicts with already declared size 52428800 in /etc/nginx/nginx.conf:49
2025/04/29 20:13:22 [emerg] 1#1: the size 10485760 of shared memory zone "SSL" conflicts with already declared size 52428800 in /etc/nginx/nginx.conf:49
2025/04/29 20:13:48 [emerg] 1#1: the size 10485760 of shared memory zone "SSL" conflicts with already declared size 52428800 in /etc/nginx/nginx.conf:49
2025/04/29 20:42:31 [warn] 1#1: the "listen ... http2" directive is deprecated, use the "http2" directive instead in /etc/nginx/nginx.conf:33
