[Sat Apr 19 01:13:34.120514 2025] [mpm_prefork:notice] [pid 15] AH00163: Apache/2.4.58 (Ubuntu) configured -- resuming normal operations
[Sat Apr 19 01:13:34.120613 2025] [core:notice] [pid 15] AH00094: Command line: '/usr/sbin/apache2 -D FOREGROUND'
[Sat Apr 19 01:13:34.168139 2025] [mpm_prefork:notice] [pid 15] AH00163: Apache/2.4.58 (Ubuntu) configured -- resuming normal operations
[Sat Apr 19 01:13:34.168237 2025] [core:notice] [pid 15] AH00094: Command line: '/usr/sbin/apache2 -D FOREGROUND'
[Sat Apr 19 01:13:34.555145 2025] [mpm_prefork:notice] [pid 15] AH00163: Apache/2.4.58 (Ubuntu) configured -- resuming normal operations
[Sat Apr 19 01:13:34.555215 2025] [core:notice] [pid 15] AH00094: Command line: '/usr/sbin/apache2 -D FOREGROUND'
[Sat Apr 19 01:13:34.650780 2025] [mpm_prefork:notice] [pid 16] AH00163: Apache/2.4.58 (Ubuntu) configured -- resuming normal operations
[Sat Apr 19 01:13:34.650878 2025] [core:notice] [pid 16] AH00094: Command line: '/usr/sbin/apache2 -D FOREGROUND'
[Sat Apr 19 01:14:06.142566 2025] [mpm_prefork:notice] [pid 15] AH00163: Apache/2.4.58 (Ubuntu) configured -- resuming normal operations
[Sat Apr 19 01:14:06.142772 2025] [core:notice] [pid 15] AH00094: Command line: '/usr/sbin/apache2 -D FOREGROUND'
[Thu Apr 24 12:31:26.771225 2025] [mpm_prefork:notice] [pid 18] AH00163: Apache/2.4.58 (Ubuntu) configured -- resuming normal operations
[Thu Apr 24 12:31:26.771539 2025] [core:notice] [pid 18] AH00094: Command line: '/usr/sbin/apache2 -D FOREGROUND'
[Thu Apr 24 12:31:26.846731 2025] [mpm_prefork:notice] [pid 15] AH00163: Apache/2.4.58 (Ubuntu) configured -- resuming normal operations
[Thu Apr 24 12:31:26.846911 2025] [core:notice] [pid 15] AH00094: Command line: '/usr/sbin/apache2 -D FOREGROUND'
[Thu Apr 24 12:31:27.071186 2025] [mpm_prefork:notice] [pid 17] AH00163: Apache/2.4.58 (Ubuntu) configured -- resuming normal operations
[Thu Apr 24 12:31:27.071278 2025] [core:notice] [pid 17] AH00094: Command line: '/usr/sbin/apache2 -D FOREGROUND'
[Thu Apr 24 12:31:27.159640 2025] [mpm_prefork:notice] [pid 16] AH00163: Apache/2.4.58 (Ubuntu) configured -- resuming normal operations
[Thu Apr 24 12:31:27.159699 2025] [core:notice] [pid 16] AH00094: Command line: '/usr/sbin/apache2 -D FOREGROUND'
[Thu Apr 24 12:31:58.283531 2025] [mpm_prefork:notice] [pid 15] AH00163: Apache/2.4.58 (Ubuntu) configured -- resuming normal operations
[Thu Apr 24 12:31:58.283619 2025] [core:notice] [pid 15] AH00094: Command line: '/usr/sbin/apache2 -D FOREGROUND'
[Thu Apr 24 22:42:17.893036 2025] [mpm_prefork:notice] [pid 15] AH00163: Apache/2.4.58 (Ubuntu) OpenSSL/3.0.13 configured -- resuming normal operations
[Thu Apr 24 22:42:17.893192 2025] [core:notice] [pid 15] AH00094: Command line: '/usr/sbin/apache2 -D FOREGROUND'
[Thu Apr 24 22:42:17.894656 2025] [mpm_prefork:notice] [pid 15] AH00163: Apache/2.4.58 (Ubuntu) OpenSSL/3.0.13 configured -- resuming normal operations
[Thu Apr 24 22:42:17.894689 2025] [core:notice] [pid 15] AH00094: Command line: '/usr/sbin/apache2 -D FOREGROUND'
[Thu Apr 24 22:42:17.950824 2025] [mpm_prefork:notice] [pid 15] AH00163: Apache/2.4.58 (Ubuntu) OpenSSL/3.0.13 configured -- resuming normal operations
[Thu Apr 24 22:42:17.950868 2025] [core:notice] [pid 15] AH00094: Command line: '/usr/sbin/apache2 -D FOREGROUND'
[Thu Apr 24 22:42:17.969816 2025] [mpm_prefork:notice] [pid 14] AH00163: Apache/2.4.58 (Ubuntu) OpenSSL/3.0.13 configured -- resuming normal operations
[Thu Apr 24 22:42:17.969854 2025] [core:notice] [pid 14] AH00094: Command line: '/usr/sbin/apache2 -D FOREGROUND'
[Thu Apr 24 22:45:12.624125 2025] [mpm_prefork:notice] [pid 17] AH00163: Apache/2.4.58 (Ubuntu) OpenSSL/3.0.13 configured -- resuming normal operations
[Thu Apr 24 22:45:12.624207 2025] [core:notice] [pid 17] AH00094: Command line: '/usr/sbin/apache2 -D FOREGROUND'
[Thu Apr 24 22:45:12.637936 2025] [mpm_prefork:notice] [pid 14] AH00163: Apache/2.4.58 (Ubuntu) OpenSSL/3.0.13 configured -- resuming normal operations
[Thu Apr 24 22:45:12.638004 2025] [core:notice] [pid 14] AH00094: Command line: '/usr/sbin/apache2 -D FOREGROUND'
[Thu Apr 24 22:45:12.680502 2025] [mpm_prefork:notice] [pid 15] AH00163: Apache/2.4.58 (Ubuntu) OpenSSL/3.0.13 configured -- resuming normal operations
[Thu Apr 24 22:45:12.680545 2025] [core:notice] [pid 15] AH00094: Command line: '/usr/sbin/apache2 -D FOREGROUND'
[Thu Apr 24 22:45:12.737717 2025] [mpm_prefork:notice] [pid 16] AH00163: Apache/2.4.58 (Ubuntu) OpenSSL/3.0.13 configured -- resuming normal operations
[Thu Apr 24 22:45:12.737755 2025] [core:notice] [pid 16] AH00094: Command line: '/usr/sbin/apache2 -D FOREGROUND'
[Thu Apr 24 22:51:17.850802 2025] [mpm_prefork:notice] [pid 17] AH00171: Graceful restart requested, doing restart
[Thu Apr 24 22:51:17.864737 2025] [mpm_prefork:notice] [pid 17] AH00163: Apache/2.4.58 (Ubuntu) OpenSSL/3.0.13 configured -- resuming normal operations
[Thu Apr 24 22:51:17.864753 2025] [core:notice] [pid 17] AH00094: Command line: '/usr/sbin/apache2 -D FOREGROUND'
[Thu Apr 24 22:55:43.064924 2025] [mpm_prefork:notice] [pid 16] AH00163: Apache/2.4.58 (Ubuntu) OpenSSL/3.0.13 configured -- resuming normal operations
[Thu Apr 24 22:55:43.064963 2025] [core:notice] [pid 16] AH00094: Command line: '/usr/sbin/apache2 -D FOREGROUND'
[Thu Apr 24 22:55:43.080393 2025] [mpm_prefork:notice] [pid 15] AH00163: Apache/2.4.58 (Ubuntu) OpenSSL/3.0.13 configured -- resuming normal operations
[Thu Apr 24 22:55:43.080505 2025] [core:notice] [pid 15] AH00094: Command line: '/usr/sbin/apache2 -D FOREGROUND'
[Thu Apr 24 22:55:43.169577 2025] [mpm_prefork:notice] [pid 15] AH00163: Apache/2.4.58 (Ubuntu) OpenSSL/3.0.13 configured -- resuming normal operations
[Thu Apr 24 22:55:43.169604 2025] [core:notice] [pid 15] AH00094: Command line: '/usr/sbin/apache2 -D FOREGROUND'
[Thu Apr 24 22:55:43.171562 2025] [mpm_prefork:notice] [pid 15] AH00163: Apache/2.4.58 (Ubuntu) OpenSSL/3.0.13 configured -- resuming normal operations
[Thu Apr 24 22:55:43.171586 2025] [core:notice] [pid 15] AH00094: Command line: '/usr/sbin/apache2 -D FOREGROUND'
