[Thu May 01 19:40:46.537788 2025] [mpm_prefork:notice] [pid 18] AH00163: Apache/2.4.58 (Ubuntu) OpenSSL/3.0.13 configured -- resuming normal operations
[Thu May 01 19:40:46.537834 2025] [core:notice] [pid 18] AH00094: Command line: '/usr/sbin/apache2 -D FOREGROUND'
[Thu May 01 19:40:46.539458 2025] [mpm_prefork:notice] [pid 15] AH00163: Apache/2.4.58 (Ubuntu) OpenSSL/3.0.13 configured -- resuming normal operations
[Thu May 01 19:40:46.539543 2025] [core:notice] [pid 15] AH00094: Command line: '/usr/sbin/apache2 -D FOREGROUND'
[Thu May 01 19:40:46.540948 2025] [mpm_prefork:notice] [pid 16] AH00163: Apache/2.4.58 (Ubuntu) OpenSSL/3.0.13 configured -- resuming normal operations
[Thu May 01 19:40:46.540973 2025] [core:notice] [pid 16] AH00094: Command line: '/usr/sbin/apache2 -D FOREGROUND'
[Thu May 01 19:40:46.634302 2025] [mpm_prefork:notice] [pid 14] AH00163: Apache/2.4.58 (Ubuntu) OpenSSL/3.0.13 configured -- resuming normal operations
[Thu May 01 19:40:46.634326 2025] [core:notice] [pid 14] AH00094: Command line: '/usr/sbin/apache2 -D FOREGROUND'
[Tue May 06 21:44:01.033976 2025] [mpm_prefork:notice] [pid 16] AH00163: Apache/2.4.58 (Ubuntu) OpenSSL/3.0.13 configured -- resuming normal operations
[Tue May 06 21:44:01.034122 2025] [core:notice] [pid 16] AH00094: Command line: '/usr/sbin/apache2 -D FOREGROUND'
[Tue May 06 21:44:01.084532 2025] [mpm_prefork:notice] [pid 17] AH00163: Apache/2.4.58 (Ubuntu) OpenSSL/3.0.13 configured -- resuming normal operations
[Tue May 06 21:44:01.084558 2025] [core:notice] [pid 17] AH00094: Command line: '/usr/sbin/apache2 -D FOREGROUND'
[Tue May 06 21:44:01.204334 2025] [mpm_prefork:notice] [pid 16] AH00163: Apache/2.4.58 (Ubuntu) OpenSSL/3.0.13 configured -- resuming normal operations
[Tue May 06 21:44:01.204358 2025] [core:notice] [pid 16] AH00094: Command line: '/usr/sbin/apache2 -D FOREGROUND'
[Tue May 06 21:44:01.456886 2025] [mpm_prefork:notice] [pid 17] AH00163: Apache/2.4.58 (Ubuntu) OpenSSL/3.0.13 configured -- resuming normal operations
[Tue May 06 21:44:01.456932 2025] [core:notice] [pid 17] AH00094: Command line: '/usr/sbin/apache2 -D FOREGROUND'
[Tue May 06 21:53:25.108824 2025] [mpm_prefork:notice] [pid 17] AH00163: Apache/2.4.58 (Ubuntu) OpenSSL/3.0.13 configured -- resuming normal operations
[Tue May 06 21:53:25.108884 2025] [core:notice] [pid 17] AH00094: Command line: '/usr/sbin/apache2 -D FOREGROUND'
[Tue May 06 21:53:25.201017 2025] [mpm_prefork:notice] [pid 17] AH00163: Apache/2.4.58 (Ubuntu) OpenSSL/3.0.13 configured -- resuming normal operations
[Tue May 06 21:53:25.201118 2025] [core:notice] [pid 17] AH00094: Command line: '/usr/sbin/apache2 -D FOREGROUND'
[Tue May 06 21:53:25.276531 2025] [mpm_prefork:notice] [pid 16] AH00163: Apache/2.4.58 (Ubuntu) OpenSSL/3.0.13 configured -- resuming normal operations
[Tue May 06 21:53:25.276591 2025] [core:notice] [pid 16] AH00094: Command line: '/usr/sbin/apache2 -D FOREGROUND'
[Tue May 06 21:53:25.353340 2025] [mpm_prefork:notice] [pid 19] AH00163: Apache/2.4.58 (Ubuntu) OpenSSL/3.0.13 configured -- resuming normal operations
[Tue May 06 21:53:25.353388 2025] [core:notice] [pid 19] AH00094: Command line: '/usr/sbin/apache2 -D FOREGROUND'
[Tue May 06 21:57:07.326993 2025] [mpm_prefork:notice] [pid 20] AH00163: Apache/2.4.58 (Ubuntu) OpenSSL/3.0.13 configured -- resuming normal operations
[Tue May 06 21:57:07.327022 2025] [core:notice] [pid 20] AH00094: Command line: '/usr/sbin/apache2 -D FOREGROUND'
[Tue May 06 21:57:07.641670 2025] [mpm_prefork:notice] [pid 18] AH00163: Apache/2.4.58 (Ubuntu) OpenSSL/3.0.13 configured -- resuming normal operations
[Tue May 06 21:57:07.641698 2025] [core:notice] [pid 18] AH00094: Command line: '/usr/sbin/apache2 -D FOREGROUND'
[Tue May 06 21:57:07.657776 2025] [mpm_prefork:notice] [pid 18] AH00163: Apache/2.4.58 (Ubuntu) OpenSSL/3.0.13 configured -- resuming normal operations
[Tue May 06 21:57:07.657809 2025] [core:notice] [pid 18] AH00094: Command line: '/usr/sbin/apache2 -D FOREGROUND'
[Tue May 06 21:57:07.808470 2025] [mpm_prefork:notice] [pid 17] AH00163: Apache/2.4.58 (Ubuntu) OpenSSL/3.0.13 configured -- resuming normal operations
[Tue May 06 21:57:07.808506 2025] [core:notice] [pid 17] AH00094: Command line: '/usr/sbin/apache2 -D FOREGROUND'
[Wed May 07 15:36:38.957544 2025] [core:warn] [pid 20] AH00098: pid file /var/run/apache2/apache2.pid overwritten -- Unclean shutdown of previous Apache run?
[Wed May 07 15:36:38.973731 2025] [core:warn] [pid 20] AH00098: pid file /var/run/apache2/apache2.pid overwritten -- Unclean shutdown of previous Apache run?
[Wed May 07 15:36:38.975509 2025] [mpm_prefork:notice] [pid 20] AH00163: Apache/2.4.58 (Ubuntu) OpenSSL/3.0.13 configured -- resuming normal operations
[Wed May 07 15:36:38.975535 2025] [core:notice] [pid 20] AH00094: Command line: '/usr/sbin/apache2 -D FOREGROUND'
[Wed May 07 15:36:38.977673 2025] [mpm_prefork:notice] [pid 20] AH00163: Apache/2.4.58 (Ubuntu) OpenSSL/3.0.13 configured -- resuming normal operations
[Wed May 07 15:36:38.977693 2025] [core:notice] [pid 20] AH00094: Command line: '/usr/sbin/apache2 -D FOREGROUND'
[Wed May 07 15:36:39.258375 2025] [core:warn] [pid 17] AH00098: pid file /var/run/apache2/apache2.pid overwritten -- Unclean shutdown of previous Apache run?
[Wed May 07 15:36:39.262253 2025] [mpm_prefork:notice] [pid 17] AH00163: Apache/2.4.58 (Ubuntu) OpenSSL/3.0.13 configured -- resuming normal operations
[Wed May 07 15:36:39.262271 2025] [core:notice] [pid 17] AH00094: Command line: '/usr/sbin/apache2 -D FOREGROUND'
[Wed May 07 15:36:39.763989 2025] [core:warn] [pid 20] AH00098: pid file /var/run/apache2/apache2.pid overwritten -- Unclean shutdown of previous Apache run?
[Wed May 07 15:36:39.768255 2025] [mpm_prefork:notice] [pid 20] AH00163: Apache/2.4.58 (Ubuntu) OpenSSL/3.0.13 configured -- resuming normal operations
[Wed May 07 15:36:39.768277 2025] [core:notice] [pid 20] AH00094: Command line: '/usr/sbin/apache2 -D FOREGROUND'
[Wed May 07 14:59:25.927696 2025] [mpm_prefork:notice] [pid 19] AH00163: Apache/2.4.58 (Ubuntu) OpenSSL/3.0.13 configured -- resuming normal operations
[Wed May 07 14:59:25.927738 2025] [core:notice] [pid 19] AH00094: Command line: '/usr/sbin/apache2 -D FOREGROUND'
[Wed May 07 14:59:26.123898 2025] [mpm_prefork:notice] [pid 19] AH00163: Apache/2.4.58 (Ubuntu) OpenSSL/3.0.13 configured -- resuming normal operations
[Wed May 07 14:59:26.123931 2025] [core:notice] [pid 19] AH00094: Command line: '/usr/sbin/apache2 -D FOREGROUND'
[Wed May 07 14:59:26.368657 2025] [mpm_prefork:notice] [pid 18] AH00163: Apache/2.4.58 (Ubuntu) OpenSSL/3.0.13 configured -- resuming normal operations
[Wed May 07 14:59:26.368692 2025] [core:notice] [pid 18] AH00094: Command line: '/usr/sbin/apache2 -D FOREGROUND'
[Wed May 07 14:59:26.762871 2025] [mpm_prefork:notice] [pid 17] AH00163: Apache/2.4.58 (Ubuntu) OpenSSL/3.0.13 configured -- resuming normal operations
[Wed May 07 14:59:26.762907 2025] [core:notice] [pid 17] AH00094: Command line: '/usr/sbin/apache2 -D FOREGROUND'
[Wed May 07 15:03:48.272394 2025] [mpm_prefork:notice] [pid 19] AH00163: Apache/2.4.58 (Ubuntu) OpenSSL/3.0.13 configured -- resuming normal operations
[Wed May 07 15:03:48.272468 2025] [core:notice] [pid 19] AH00094: Command line: '/usr/sbin/apache2 -D FOREGROUND'
[Wed May 07 15:03:48.414633 2025] [mpm_prefork:notice] [pid 20] AH00163: Apache/2.4.58 (Ubuntu) OpenSSL/3.0.13 configured -- resuming normal operations
[Wed May 07 15:03:48.414693 2025] [core:notice] [pid 20] AH00094: Command line: '/usr/sbin/apache2 -D FOREGROUND'
[Wed May 07 15:03:48.637220 2025] [mpm_prefork:notice] [pid 18] AH00163: Apache/2.4.58 (Ubuntu) OpenSSL/3.0.13 configured -- resuming normal operations
[Wed May 07 15:03:48.637259 2025] [core:notice] [pid 18] AH00094: Command line: '/usr/sbin/apache2 -D FOREGROUND'
[Wed May 07 15:03:48.826409 2025] [mpm_prefork:notice] [pid 17] AH00163: Apache/2.4.58 (Ubuntu) OpenSSL/3.0.13 configured -- resuming normal operations
[Wed May 07 15:03:48.826448 2025] [core:notice] [pid 17] AH00094: Command line: '/usr/sbin/apache2 -D FOREGROUND'
[Wed May 07 15:11:21.391222 2025] [mpm_prefork:notice] [pid 17] AH00163: Apache/2.4.58 (Ubuntu) OpenSSL/3.0.13 configured -- resuming normal operations
[Wed May 07 15:11:21.391317 2025] [core:notice] [pid 17] AH00094: Command line: '/usr/sbin/apache2 -D FOREGROUND'
[Wed May 07 15:11:21.475827 2025] [mpm_prefork:notice] [pid 18] AH00163: Apache/2.4.58 (Ubuntu) OpenSSL/3.0.13 configured -- resuming normal operations
[Wed May 07 15:11:21.475908 2025] [core:notice] [pid 18] AH00094: Command line: '/usr/sbin/apache2 -D FOREGROUND'
[Wed May 07 15:11:21.925130 2025] [mpm_prefork:notice] [pid 17] AH00163: Apache/2.4.58 (Ubuntu) OpenSSL/3.0.13 configured -- resuming normal operations
[Wed May 07 15:11:21.925166 2025] [core:notice] [pid 17] AH00094: Command line: '/usr/sbin/apache2 -D FOREGROUND'
[Wed May 07 15:11:21.968007 2025] [mpm_prefork:notice] [pid 17] AH00163: Apache/2.4.58 (Ubuntu) OpenSSL/3.0.13 configured -- resuming normal operations
[Wed May 07 15:11:21.968051 2025] [core:notice] [pid 17] AH00094: Command line: '/usr/sbin/apache2 -D FOREGROUND'
[Wed May 07 15:15:49.020091 2025] [mpm_prefork:notice] [pid 16] AH00163: Apache/2.4.58 (Ubuntu) OpenSSL/3.0.13 configured -- resuming normal operations
[Wed May 07 15:15:49.020146 2025] [core:notice] [pid 16] AH00094: Command line: '/usr/sbin/apache2 -D FOREGROUND'
[Wed May 07 15:15:49.357963 2025] [mpm_prefork:notice] [pid 18] AH00163: Apache/2.4.58 (Ubuntu) OpenSSL/3.0.13 configured -- resuming normal operations
[Wed May 07 15:15:49.358020 2025] [core:notice] [pid 18] AH00094: Command line: '/usr/sbin/apache2 -D FOREGROUND'
[Wed May 07 15:15:49.449103 2025] [mpm_prefork:notice] [pid 17] AH00163: Apache/2.4.58 (Ubuntu) OpenSSL/3.0.13 configured -- resuming normal operations
[Wed May 07 15:15:49.449189 2025] [core:notice] [pid 17] AH00094: Command line: '/usr/sbin/apache2 -D FOREGROUND'
[Wed May 07 15:15:49.520748 2025] [mpm_prefork:notice] [pid 18] AH00163: Apache/2.4.58 (Ubuntu) OpenSSL/3.0.13 configured -- resuming normal operations
[Wed May 07 15:15:49.520832 2025] [core:notice] [pid 18] AH00094: Command line: '/usr/sbin/apache2 -D FOREGROUND'
[Wed May 07 16:18:34.240647 2025] [mpm_prefork:notice] [pid 17] AH00163: Apache/2.4.58 (Ubuntu) OpenSSL/3.0.13 configured -- resuming normal operations
[Wed May 07 16:18:34.240674 2025] [core:notice] [pid 17] AH00094: Command line: '/usr/sbin/apache2 -D FOREGROUND'
[Wed May 07 16:18:34.247370 2025] [mpm_prefork:notice] [pid 19] AH00163: Apache/2.4.58 (Ubuntu) OpenSSL/3.0.13 configured -- resuming normal operations
[Wed May 07 16:18:34.247421 2025] [core:notice] [pid 19] AH00094: Command line: '/usr/sbin/apache2 -D FOREGROUND'
[Wed May 07 16:18:34.400366 2025] [mpm_prefork:notice] [pid 17] AH00163: Apache/2.4.58 (Ubuntu) OpenSSL/3.0.13 configured -- resuming normal operations
[Wed May 07 16:18:34.400398 2025] [core:notice] [pid 17] AH00094: Command line: '/usr/sbin/apache2 -D FOREGROUND'
[Wed May 07 16:18:34.863890 2025] [mpm_prefork:notice] [pid 18] AH00163: Apache/2.4.58 (Ubuntu) OpenSSL/3.0.13 configured -- resuming normal operations
[Wed May 07 16:18:34.863950 2025] [core:notice] [pid 18] AH00094: Command line: '/usr/sbin/apache2 -D FOREGROUND'
[Wed May 07 18:28:38.225495 2025] [core:warn] [pid 17] AH00098: pid file /var/run/apache2/apache2.pid overwritten -- Unclean shutdown of previous Apache run?
[Wed May 07 18:28:38.228734 2025] [mpm_prefork:notice] [pid 17] AH00163: Apache/2.4.58 (Ubuntu) OpenSSL/3.0.13 configured -- resuming normal operations
[Wed May 07 18:28:38.228748 2025] [core:notice] [pid 17] AH00094: Command line: '/usr/sbin/apache2 -D FOREGROUND'
[Wed May 07 18:28:38.243534 2025] [core:warn] [pid 17] AH00098: pid file /var/run/apache2/apache2.pid overwritten -- Unclean shutdown of previous Apache run?
[Wed May 07 18:28:38.246416 2025] [mpm_prefork:notice] [pid 17] AH00163: Apache/2.4.58 (Ubuntu) OpenSSL/3.0.13 configured -- resuming normal operations
[Wed May 07 18:28:38.246428 2025] [core:notice] [pid 17] AH00094: Command line: '/usr/sbin/apache2 -D FOREGROUND'
[Wed May 07 18:28:38.366979 2025] [core:warn] [pid 17] AH00098: pid file /var/run/apache2/apache2.pid overwritten -- Unclean shutdown of previous Apache run?
[Wed May 07 18:28:38.369906 2025] [mpm_prefork:notice] [pid 17] AH00163: Apache/2.4.58 (Ubuntu) OpenSSL/3.0.13 configured -- resuming normal operations
[Wed May 07 18:28:38.369925 2025] [core:notice] [pid 17] AH00094: Command line: '/usr/sbin/apache2 -D FOREGROUND'
[Wed May 07 18:28:39.094310 2025] [core:warn] [pid 18] AH00098: pid file /var/run/apache2/apache2.pid overwritten -- Unclean shutdown of previous Apache run?
[Wed May 07 18:28:39.097009 2025] [mpm_prefork:notice] [pid 18] AH00163: Apache/2.4.58 (Ubuntu) OpenSSL/3.0.13 configured -- resuming normal operations
[Wed May 07 18:28:39.097023 2025] [core:notice] [pid 18] AH00094: Command line: '/usr/sbin/apache2 -D FOREGROUND'
[Thu May 08 19:37:01.561183 2025] [mpm_prefork:notice] [pid 19] AH00163: Apache/2.4.58 (Ubuntu) OpenSSL/3.0.13 configured -- resuming normal operations
[Thu May 08 19:37:01.561319 2025] [core:notice] [pid 19] AH00094: Command line: '/usr/sbin/apache2 -D FOREGROUND'
[Thu May 08 19:37:01.824823 2025] [mpm_prefork:notice] [pid 19] AH00163: Apache/2.4.58 (Ubuntu) OpenSSL/3.0.13 configured -- resuming normal operations
[Thu May 08 19:37:01.824844 2025] [core:notice] [pid 19] AH00094: Command line: '/usr/sbin/apache2 -D FOREGROUND'
[Thu May 08 19:37:02.099915 2025] [mpm_prefork:notice] [pid 18] AH00163: Apache/2.4.58 (Ubuntu) OpenSSL/3.0.13 configured -- resuming normal operations
[Thu May 08 19:37:02.099971 2025] [core:notice] [pid 18] AH00094: Command line: '/usr/sbin/apache2 -D FOREGROUND'
[Thu May 08 19:37:02.127586 2025] [mpm_prefork:notice] [pid 17] AH00163: Apache/2.4.58 (Ubuntu) OpenSSL/3.0.13 configured -- resuming normal operations
[Thu May 08 19:37:02.127632 2025] [core:notice] [pid 17] AH00094: Command line: '/usr/sbin/apache2 -D FOREGROUND'
[Thu May 08 19:43:33.411758 2025] [mpm_prefork:notice] [pid 18] AH00163: Apache/2.4.58 (Ubuntu) OpenSSL/3.0.13 configured -- resuming normal operations
[Thu May 08 19:43:33.411806 2025] [core:notice] [pid 18] AH00094: Command line: '/usr/sbin/apache2 -D FOREGROUND'
[Thu May 08 19:43:33.581504 2025] [mpm_prefork:notice] [pid 18] AH00163: Apache/2.4.58 (Ubuntu) OpenSSL/3.0.13 configured -- resuming normal operations
[Thu May 08 19:43:33.581529 2025] [core:notice] [pid 18] AH00094: Command line: '/usr/sbin/apache2 -D FOREGROUND'
[Thu May 08 19:43:33.722052 2025] [mpm_prefork:notice] [pid 17] AH00163: Apache/2.4.58 (Ubuntu) OpenSSL/3.0.13 configured -- resuming normal operations
[Thu May 08 19:43:33.722121 2025] [core:notice] [pid 17] AH00094: Command line: '/usr/sbin/apache2 -D FOREGROUND'
[Thu May 08 19:43:33.753133 2025] [mpm_prefork:notice] [pid 18] AH00163: Apache/2.4.58 (Ubuntu) OpenSSL/3.0.13 configured -- resuming normal operations
[Thu May 08 19:43:33.753170 2025] [core:notice] [pid 18] AH00094: Command line: '/usr/sbin/apache2 -D FOREGROUND'
[Thu May 08 19:49:02.383806 2025] [mpm_prefork:notice] [pid 19] AH00163: Apache/2.4.58 (Ubuntu) OpenSSL/3.0.13 configured -- resuming normal operations
[Thu May 08 19:49:02.383838 2025] [core:notice] [pid 19] AH00094: Command line: '/usr/sbin/apache2 -D FOREGROUND'
[Thu May 08 19:49:02.394958 2025] [mpm_prefork:notice] [pid 17] AH00163: Apache/2.4.58 (Ubuntu) OpenSSL/3.0.13 configured -- resuming normal operations
[Thu May 08 19:49:02.394981 2025] [core:notice] [pid 17] AH00094: Command line: '/usr/sbin/apache2 -D FOREGROUND'
[Thu May 08 19:49:02.579308 2025] [mpm_prefork:notice] [pid 20] AH00163: Apache/2.4.58 (Ubuntu) OpenSSL/3.0.13 configured -- resuming normal operations
[Thu May 08 19:49:02.579330 2025] [core:notice] [pid 20] AH00094: Command line: '/usr/sbin/apache2 -D FOREGROUND'
[Thu May 08 19:49:02.766195 2025] [mpm_prefork:notice] [pid 17] AH00163: Apache/2.4.58 (Ubuntu) OpenSSL/3.0.13 configured -- resuming normal operations
[Thu May 08 19:49:02.766300 2025] [core:notice] [pid 17] AH00094: Command line: '/usr/sbin/apache2 -D FOREGROUND'
[Thu May 08 20:04:25.340709 2025] [mpm_prefork:notice] [pid 20] AH00163: Apache/2.4.58 (Ubuntu) OpenSSL/3.0.13 configured -- resuming normal operations
[Thu May 08 20:04:25.340738 2025] [core:notice] [pid 20] AH00094: Command line: '/usr/sbin/apache2 -D FOREGROUND'
[Thu May 08 20:04:25.565251 2025] [mpm_prefork:notice] [pid 17] AH00163: Apache/2.4.58 (Ubuntu) OpenSSL/3.0.13 configured -- resuming normal operations
[Thu May 08 20:04:25.565281 2025] [core:notice] [pid 17] AH00094: Command line: '/usr/sbin/apache2 -D FOREGROUND'
[Thu May 08 20:04:25.602364 2025] [mpm_prefork:notice] [pid 18] AH00163: Apache/2.4.58 (Ubuntu) OpenSSL/3.0.13 configured -- resuming normal operations
[Thu May 08 20:04:25.602403 2025] [core:notice] [pid 18] AH00094: Command line: '/usr/sbin/apache2 -D FOREGROUND'
[Thu May 08 20:04:26.045300 2025] [mpm_prefork:notice] [pid 18] AH00163: Apache/2.4.58 (Ubuntu) OpenSSL/3.0.13 configured -- resuming normal operations
[Thu May 08 20:04:26.045341 2025] [core:notice] [pid 18] AH00094: Command line: '/usr/sbin/apache2 -D FOREGROUND'
[Thu May 08 20:18:20.649070 2025] [mpm_prefork:notice] [pid 19] AH00163: Apache/2.4.58 (Ubuntu) OpenSSL/3.0.13 configured -- resuming normal operations
[Thu May 08 20:18:20.649101 2025] [core:notice] [pid 19] AH00094: Command line: '/usr/sbin/apache2 -D FOREGROUND'
[Thu May 08 20:18:20.778369 2025] [mpm_prefork:notice] [pid 19] AH00163: Apache/2.4.58 (Ubuntu) OpenSSL/3.0.13 configured -- resuming normal operations
[Thu May 08 20:18:20.778397 2025] [core:notice] [pid 19] AH00094: Command line: '/usr/sbin/apache2 -D FOREGROUND'
[Thu May 08 20:18:20.938235 2025] [mpm_prefork:notice] [pid 17] AH00163: Apache/2.4.58 (Ubuntu) OpenSSL/3.0.13 configured -- resuming normal operations
[Thu May 08 20:18:20.938272 2025] [core:notice] [pid 17] AH00094: Command line: '/usr/sbin/apache2 -D FOREGROUND'
[Thu May 08 20:18:21.072962 2025] [mpm_prefork:notice] [pid 19] AH00163: Apache/2.4.58 (Ubuntu) OpenSSL/3.0.13 configured -- resuming normal operations
[Thu May 08 20:18:21.072992 2025] [core:notice] [pid 19] AH00094: Command line: '/usr/sbin/apache2 -D FOREGROUND'
[Thu May 08 20:32:18.991718 2025] [mpm_prefork:notice] [pid 16] AH00163: Apache/2.4.58 (Ubuntu) OpenSSL/3.0.13 configured -- resuming normal operations
[Thu May 08 20:32:18.991860 2025] [core:notice] [pid 16] AH00094: Command line: '/usr/sbin/apache2 -D FOREGROUND'
[Thu May 08 20:32:19.715023 2025] [mpm_prefork:notice] [pid 17] AH00163: Apache/2.4.58 (Ubuntu) OpenSSL/3.0.13 configured -- resuming normal operations
[Thu May 08 20:32:19.715093 2025] [core:notice] [pid 17] AH00094: Command line: '/usr/sbin/apache2 -D FOREGROUND'
[Thu May 08 20:32:19.824474 2025] [mpm_prefork:notice] [pid 20] AH00163: Apache/2.4.58 (Ubuntu) OpenSSL/3.0.13 configured -- resuming normal operations
[Thu May 08 20:32:19.824520 2025] [core:notice] [pid 20] AH00094: Command line: '/usr/sbin/apache2 -D FOREGROUND'
[Thu May 08 20:32:19.947798 2025] [mpm_prefork:notice] [pid 17] AH00163: Apache/2.4.58 (Ubuntu) OpenSSL/3.0.13 configured -- resuming normal operations
[Thu May 08 20:32:19.947839 2025] [core:notice] [pid 17] AH00094: Command line: '/usr/sbin/apache2 -D FOREGROUND'
[Thu May 08 21:05:43.937928 2025] [mpm_prefork:notice] [pid 15] AH00163: Apache/2.4.58 (Ubuntu) OpenSSL/3.0.13 configured -- resuming normal operations
[Thu May 08 21:05:43.938002 2025] [core:notice] [pid 15] AH00094: Command line: '/usr/sbin/apache2 -D FOREGROUND'
[Thu May 08 21:05:43.963081 2025] [mpm_prefork:notice] [pid 17] AH00163: Apache/2.4.58 (Ubuntu) OpenSSL/3.0.13 configured -- resuming normal operations
[Thu May 08 21:05:43.963122 2025] [core:notice] [pid 17] AH00094: Command line: '/usr/sbin/apache2 -D FOREGROUND'
[Thu May 08 21:05:44.178400 2025] [mpm_prefork:notice] [pid 17] AH00163: Apache/2.4.58 (Ubuntu) OpenSSL/3.0.13 configured -- resuming normal operations
[Thu May 08 21:05:44.178435 2025] [core:notice] [pid 17] AH00094: Command line: '/usr/sbin/apache2 -D FOREGROUND'
[Thu May 08 21:05:44.337279 2025] [mpm_prefork:notice] [pid 17] AH00163: Apache/2.4.58 (Ubuntu) OpenSSL/3.0.13 configured -- resuming normal operations
[Thu May 08 21:05:44.337324 2025] [core:notice] [pid 17] AH00094: Command line: '/usr/sbin/apache2 -D FOREGROUND'
[Thu May 08 21:09:09.477193 2025] [mpm_prefork:notice] [pid 19] AH00163: Apache/2.4.58 (Ubuntu) OpenSSL/3.0.13 configured -- resuming normal operations
[Thu May 08 21:09:09.477507 2025] [core:notice] [pid 19] AH00094: Command line: '/usr/sbin/apache2 -D FOREGROUND'
[Thu May 08 21:09:09.638759 2025] [mpm_prefork:notice] [pid 19] AH00163: Apache/2.4.58 (Ubuntu) OpenSSL/3.0.13 configured -- resuming normal operations
[Thu May 08 21:09:09.638795 2025] [core:notice] [pid 19] AH00094: Command line: '/usr/sbin/apache2 -D FOREGROUND'
[Thu May 08 21:09:09.821868 2025] [mpm_prefork:notice] [pid 18] AH00163: Apache/2.4.58 (Ubuntu) OpenSSL/3.0.13 configured -- resuming normal operations
[Thu May 08 21:09:09.821900 2025] [core:notice] [pid 18] AH00094: Command line: '/usr/sbin/apache2 -D FOREGROUND'
[Thu May 08 21:09:10.296231 2025] [mpm_prefork:notice] [pid 19] AH00163: Apache/2.4.58 (Ubuntu) OpenSSL/3.0.13 configured -- resuming normal operations
[Thu May 08 21:09:10.296266 2025] [core:notice] [pid 19] AH00094: Command line: '/usr/sbin/apache2 -D FOREGROUND'
[Thu May 08 21:25:10.781276 2025] [mpm_prefork:notice] [pid 20] AH00163: Apache/2.4.58 (Ubuntu) OpenSSL/3.0.13 configured -- resuming normal operations
[Thu May 08 21:25:10.781309 2025] [core:notice] [pid 20] AH00094: Command line: '/usr/sbin/apache2 -D FOREGROUND'
[Thu May 08 21:25:10.923904 2025] [mpm_prefork:notice] [pid 18] AH00163: Apache/2.4.58 (Ubuntu) OpenSSL/3.0.13 configured -- resuming normal operations
[Thu May 08 21:25:10.923927 2025] [core:notice] [pid 18] AH00094: Command line: '/usr/sbin/apache2 -D FOREGROUND'
[Thu May 08 21:25:11.683085 2025] [mpm_prefork:notice] [pid 16] AH00163: Apache/2.4.58 (Ubuntu) OpenSSL/3.0.13 configured -- resuming normal operations
[Thu May 08 21:25:11.683148 2025] [core:notice] [pid 16] AH00094: Command line: '/usr/sbin/apache2 -D FOREGROUND'
[Thu May 08 21:25:11.708012 2025] [mpm_prefork:notice] [pid 18] AH00163: Apache/2.4.58 (Ubuntu) OpenSSL/3.0.13 configured -- resuming normal operations
[Thu May 08 21:25:11.708049 2025] [core:notice] [pid 18] AH00094: Command line: '/usr/sbin/apache2 -D FOREGROUND'
[Fri May 09 13:25:57.463379 2025] [core:warn] [pid 20] AH00098: pid file /var/run/apache2/apache2.pid overwritten -- Unclean shutdown of previous Apache run?
[Fri May 09 13:25:57.468287 2025] [mpm_prefork:notice] [pid 20] AH00163: Apache/2.4.58 (Ubuntu) OpenSSL/3.0.13 configured -- resuming normal operations
[Fri May 09 13:25:57.468306 2025] [core:notice] [pid 20] AH00094: Command line: '/usr/sbin/apache2 -D FOREGROUND'
[Fri May 09 13:25:57.838694 2025] [core:warn] [pid 17] AH00098: pid file /var/run/apache2/apache2.pid overwritten -- Unclean shutdown of previous Apache run?
[Fri May 09 13:25:57.842938 2025] [mpm_prefork:notice] [pid 17] AH00163: Apache/2.4.58 (Ubuntu) OpenSSL/3.0.13 configured -- resuming normal operations
[Fri May 09 13:25:57.842966 2025] [core:notice] [pid 17] AH00094: Command line: '/usr/sbin/apache2 -D FOREGROUND'
[Fri May 09 13:25:58.015795 2025] [core:warn] [pid 17] AH00098: pid file /var/run/apache2/apache2.pid overwritten -- Unclean shutdown of previous Apache run?
[Fri May 09 13:25:58.019955 2025] [mpm_prefork:notice] [pid 17] AH00163: Apache/2.4.58 (Ubuntu) OpenSSL/3.0.13 configured -- resuming normal operations
[Fri May 09 13:25:58.019975 2025] [core:notice] [pid 17] AH00094: Command line: '/usr/sbin/apache2 -D FOREGROUND'
[Fri May 09 13:25:59.322108 2025] [core:warn] [pid 20] AH00098: pid file /var/run/apache2/apache2.pid overwritten -- Unclean shutdown of previous Apache run?
[Fri May 09 13:25:59.327890 2025] [mpm_prefork:notice] [pid 20] AH00163: Apache/2.4.58 (Ubuntu) OpenSSL/3.0.13 configured -- resuming normal operations
[Fri May 09 13:25:59.327914 2025] [core:notice] [pid 20] AH00094: Command line: '/usr/sbin/apache2 -D FOREGROUND'
[Fri May 09 16:21:58.245513 2025] [core:warn] [pid 20] AH00098: pid file /var/run/apache2/apache2.pid overwritten -- Unclean shutdown of previous Apache run?
[Fri May 09 16:21:58.250023 2025] [mpm_prefork:notice] [pid 20] AH00163: Apache/2.4.58 (Ubuntu) OpenSSL/3.0.13 configured -- resuming normal operations
[Fri May 09 16:21:58.250337 2025] [core:notice] [pid 20] AH00094: Command line: '/usr/sbin/apache2 -D FOREGROUND'
[Fri May 09 16:21:58.612047 2025] [core:warn] [pid 17] AH00098: pid file /var/run/apache2/apache2.pid overwritten -- Unclean shutdown of previous Apache run?
[Fri May 09 16:21:58.614916 2025] [mpm_prefork:notice] [pid 17] AH00163: Apache/2.4.58 (Ubuntu) OpenSSL/3.0.13 configured -- resuming normal operations
[Fri May 09 16:21:58.614930 2025] [core:notice] [pid 17] AH00094: Command line: '/usr/sbin/apache2 -D FOREGROUND'
[Fri May 09 16:21:58.934906 2025] [core:warn] [pid 17] AH00098: pid file /var/run/apache2/apache2.pid overwritten -- Unclean shutdown of previous Apache run?
[Fri May 09 16:21:58.940423 2025] [mpm_prefork:notice] [pid 17] AH00163: Apache/2.4.58 (Ubuntu) OpenSSL/3.0.13 configured -- resuming normal operations
[Fri May 09 16:21:58.940460 2025] [core:notice] [pid 17] AH00094: Command line: '/usr/sbin/apache2 -D FOREGROUND'
[Fri May 09 16:21:59.265419 2025] [core:warn] [pid 18] AH00098: pid file /var/run/apache2/apache2.pid overwritten -- Unclean shutdown of previous Apache run?
[Fri May 09 16:21:59.268428 2025] [mpm_prefork:notice] [pid 18] AH00163: Apache/2.4.58 (Ubuntu) OpenSSL/3.0.13 configured -- resuming normal operations
[Fri May 09 16:21:59.268442 2025] [core:notice] [pid 18] AH00094: Command line: '/usr/sbin/apache2 -D FOREGROUND'
[Fri May 09 17:42:44.372731 2025] [mpm_prefork:notice] [pid 17] AH00163: Apache/2.4.58 (Ubuntu) OpenSSL/3.0.13 configured -- resuming normal operations
[Fri May 09 17:42:44.372770 2025] [core:notice] [pid 17] AH00094: Command line: '/usr/sbin/apache2 -D FOREGROUND'
[Fri May 09 17:42:44.600428 2025] [mpm_prefork:notice] [pid 17] AH00163: Apache/2.4.58 (Ubuntu) OpenSSL/3.0.13 configured -- resuming normal operations
[Fri May 09 17:42:44.600448 2025] [core:notice] [pid 17] AH00094: Command line: '/usr/sbin/apache2 -D FOREGROUND'
[Fri May 09 17:42:44.804268 2025] [mpm_prefork:notice] [pid 18] AH00163: Apache/2.4.58 (Ubuntu) OpenSSL/3.0.13 configured -- resuming normal operations
[Fri May 09 17:42:44.804298 2025] [core:notice] [pid 18] AH00094: Command line: '/usr/sbin/apache2 -D FOREGROUND'
[Fri May 09 17:42:45.039607 2025] [mpm_prefork:notice] [pid 17] AH00163: Apache/2.4.58 (Ubuntu) OpenSSL/3.0.13 configured -- resuming normal operations
[Fri May 09 17:42:45.039647 2025] [core:notice] [pid 17] AH00094: Command line: '/usr/sbin/apache2 -D FOREGROUND'
[Sat May 10 07:41:50.773632 2025] [mpm_prefork:notice] [pid 17] AH00163: Apache/2.4.58 (Ubuntu) OpenSSL/3.0.13 configured -- resuming normal operations
[Sat May 10 07:41:50.773873 2025] [core:notice] [pid 17] AH00094: Command line: '/usr/sbin/apache2 -D FOREGROUND'
[Sat May 10 07:41:50.798002 2025] [mpm_prefork:notice] [pid 17] AH00163: Apache/2.4.58 (Ubuntu) OpenSSL/3.0.13 configured -- resuming normal operations
[Sat May 10 07:41:50.798024 2025] [core:notice] [pid 17] AH00094: Command line: '/usr/sbin/apache2 -D FOREGROUND'
[Sat May 10 07:41:50.916470 2025] [mpm_prefork:notice] [pid 16] AH00163: Apache/2.4.58 (Ubuntu) OpenSSL/3.0.13 configured -- resuming normal operations
[Sat May 10 07:41:50.916505 2025] [core:notice] [pid 16] AH00094: Command line: '/usr/sbin/apache2 -D FOREGROUND'
[Sat May 10 07:41:51.068060 2025] [mpm_prefork:notice] [pid 17] AH00163: Apache/2.4.58 (Ubuntu) OpenSSL/3.0.13 configured -- resuming normal operations
[Sat May 10 07:41:51.068090 2025] [core:notice] [pid 17] AH00094: Command line: '/usr/sbin/apache2 -D FOREGROUND'
[Sat May 10 18:58:57.796775 2025] [core:warn] [pid 17] AH00098: pid file /var/run/apache2/apache2.pid overwritten -- Unclean shutdown of previous Apache run?
[Sat May 10 18:58:57.799750 2025] [mpm_prefork:notice] [pid 17] AH00163: Apache/2.4.58 (Ubuntu) OpenSSL/3.0.13 configured -- resuming normal operations
[Sat May 10 18:58:57.799772 2025] [core:notice] [pid 17] AH00094: Command line: '/usr/sbin/apache2 -D FOREGROUND'
[Sat May 10 18:58:58.320816 2025] [core:warn] [pid 17] AH00098: pid file /var/run/apache2/apache2.pid overwritten -- Unclean shutdown of previous Apache run?
[Sat May 10 18:58:58.324637 2025] [mpm_prefork:notice] [pid 17] AH00163: Apache/2.4.58 (Ubuntu) OpenSSL/3.0.13 configured -- resuming normal operations
[Sat May 10 18:58:58.324670 2025] [core:notice] [pid 17] AH00094: Command line: '/usr/sbin/apache2 -D FOREGROUND'
[Sat May 10 18:58:58.754427 2025] [core:warn] [pid 17] AH00098: pid file /var/run/apache2/apache2.pid overwritten -- Unclean shutdown of previous Apache run?
[Sat May 10 18:58:58.757249 2025] [mpm_prefork:notice] [pid 17] AH00163: Apache/2.4.58 (Ubuntu) OpenSSL/3.0.13 configured -- resuming normal operations
[Sat May 10 18:58:58.757261 2025] [core:notice] [pid 17] AH00094: Command line: '/usr/sbin/apache2 -D FOREGROUND'
[Sat May 10 17:09:45.069958 2025] [core:warn] [pid 17] AH00098: pid file /var/run/apache2/apache2.pid overwritten -- Unclean shutdown of previous Apache run?
[Sat May 10 17:09:45.073332 2025] [mpm_prefork:notice] [pid 17] AH00163: Apache/2.4.58 (Ubuntu) OpenSSL/3.0.13 configured -- resuming normal operations
[Sat May 10 17:09:45.073352 2025] [core:notice] [pid 17] AH00094: Command line: '/usr/sbin/apache2 -D FOREGROUND'
[Sun May 11 20:19:46.163374 2025] [core:warn] [pid 17] AH00098: pid file /var/run/apache2/apache2.pid overwritten -- Unclean shutdown of previous Apache run?
[Sun May 11 20:19:46.166229 2025] [mpm_prefork:notice] [pid 17] AH00163: Apache/2.4.58 (Ubuntu) OpenSSL/3.0.13 configured -- resuming normal operations
[Sun May 11 20:19:46.166241 2025] [core:notice] [pid 17] AH00094: Command line: '/usr/sbin/apache2 -D FOREGROUND'
[Sun May 11 20:19:46.289847 2025] [core:warn] [pid 18] AH00098: pid file /var/run/apache2/apache2.pid overwritten -- Unclean shutdown of previous Apache run?
[Sun May 11 20:19:46.292469 2025] [mpm_prefork:notice] [pid 18] AH00163: Apache/2.4.58 (Ubuntu) OpenSSL/3.0.13 configured -- resuming normal operations
[Sun May 11 20:19:46.292482 2025] [core:notice] [pid 18] AH00094: Command line: '/usr/sbin/apache2 -D FOREGROUND'
[Sun May 11 20:19:46.470899 2025] [core:warn] [pid 17] AH00098: pid file /var/run/apache2/apache2.pid overwritten -- Unclean shutdown of previous Apache run?
[Sun May 11 20:19:46.473579 2025] [mpm_prefork:notice] [pid 17] AH00163: Apache/2.4.58 (Ubuntu) OpenSSL/3.0.13 configured -- resuming normal operations
[Sun May 11 20:19:46.473591 2025] [core:notice] [pid 17] AH00094: Command line: '/usr/sbin/apache2 -D FOREGROUND'
[Sun May 11 20:19:46.945888 2025] [core:warn] [pid 17] AH00098: pid file /var/run/apache2/apache2.pid overwritten -- Unclean shutdown of previous Apache run?
[Sun May 11 20:19:46.948554 2025] [mpm_prefork:notice] [pid 17] AH00163: Apache/2.4.58 (Ubuntu) OpenSSL/3.0.13 configured -- resuming normal operations
[Sun May 11 20:19:46.948566 2025] [core:notice] [pid 17] AH00094: Command line: '/usr/sbin/apache2 -D FOREGROUND'
[Mon May 12 07:27:50.504793 2025] [core:warn] [pid 17] AH00098: pid file /var/run/apache2/apache2.pid overwritten -- Unclean shutdown of previous Apache run?
[Mon May 12 07:27:50.508607 2025] [mpm_prefork:notice] [pid 17] AH00163: Apache/2.4.58 (Ubuntu) OpenSSL/3.0.13 configured -- resuming normal operations
[Mon May 12 07:27:50.508627 2025] [core:notice] [pid 17] AH00094: Command line: '/usr/sbin/apache2 -D FOREGROUND'
[Mon May 12 07:27:50.665226 2025] [core:warn] [pid 17] AH00098: pid file /var/run/apache2/apache2.pid overwritten -- Unclean shutdown of previous Apache run?
[Mon May 12 07:27:50.669025 2025] [mpm_prefork:notice] [pid 17] AH00163: Apache/2.4.58 (Ubuntu) OpenSSL/3.0.13 configured -- resuming normal operations
[Mon May 12 07:27:50.669045 2025] [core:notice] [pid 17] AH00094: Command line: '/usr/sbin/apache2 -D FOREGROUND'
[Mon May 12 07:27:51.180599 2025] [core:warn] [pid 17] AH00098: pid file /var/run/apache2/apache2.pid overwritten -- Unclean shutdown of previous Apache run?
[Mon May 12 07:27:51.185990 2025] [mpm_prefork:notice] [pid 17] AH00163: Apache/2.4.58 (Ubuntu) OpenSSL/3.0.13 configured -- resuming normal operations
[Mon May 12 07:27:51.186023 2025] [core:notice] [pid 17] AH00094: Command line: '/usr/sbin/apache2 -D FOREGROUND'
[Mon May 12 07:27:51.383425 2025] [core:warn] [pid 20] AH00098: pid file /var/run/apache2/apache2.pid overwritten -- Unclean shutdown of previous Apache run?
[Mon May 12 07:27:51.387096 2025] [mpm_prefork:notice] [pid 20] AH00163: Apache/2.4.58 (Ubuntu) OpenSSL/3.0.13 configured -- resuming normal operations
[Mon May 12 07:27:51.387122 2025] [core:notice] [pid 20] AH00094: Command line: '/usr/sbin/apache2 -D FOREGROUND'
[Mon May 12 13:00:31.526528 2025] [core:warn] [pid 18] AH00098: pid file /var/run/apache2/apache2.pid overwritten -- Unclean shutdown of previous Apache run?
[Mon May 12 13:00:31.529691 2025] [mpm_prefork:notice] [pid 18] AH00163: Apache/2.4.58 (Ubuntu) OpenSSL/3.0.13 configured -- resuming normal operations
[Mon May 12 13:00:31.529706 2025] [core:notice] [pid 18] AH00094: Command line: '/usr/sbin/apache2 -D FOREGROUND'
[Mon May 12 13:00:31.663634 2025] [core:warn] [pid 17] AH00098: pid file /var/run/apache2/apache2.pid overwritten -- Unclean shutdown of previous Apache run?
[Mon May 12 13:00:31.666880 2025] [mpm_prefork:notice] [pid 17] AH00163: Apache/2.4.58 (Ubuntu) OpenSSL/3.0.13 configured -- resuming normal operations
[Mon May 12 13:00:31.666900 2025] [core:notice] [pid 17] AH00094: Command line: '/usr/sbin/apache2 -D FOREGROUND'
[Mon May 12 13:00:31.922614 2025] [core:warn] [pid 17] AH00098: pid file /var/run/apache2/apache2.pid overwritten -- Unclean shutdown of previous Apache run?
[Mon May 12 13:00:31.926142 2025] [mpm_prefork:notice] [pid 17] AH00163: Apache/2.4.58 (Ubuntu) OpenSSL/3.0.13 configured -- resuming normal operations
[Mon May 12 13:00:31.926164 2025] [core:notice] [pid 17] AH00094: Command line: '/usr/sbin/apache2 -D FOREGROUND'
[Mon May 12 13:00:32.352431 2025] [core:warn] [pid 17] AH00098: pid file /var/run/apache2/apache2.pid overwritten -- Unclean shutdown of previous Apache run?
[Mon May 12 13:00:32.356413 2025] [mpm_prefork:notice] [pid 17] AH00163: Apache/2.4.58 (Ubuntu) OpenSSL/3.0.13 configured -- resuming normal operations
[Mon May 12 13:00:32.356442 2025] [core:notice] [pid 17] AH00094: Command line: '/usr/sbin/apache2 -D FOREGROUND'
[Tue May 13 13:10:44.829931 2025] [core:warn] [pid 17] AH00098: pid file /var/run/apache2/apache2.pid overwritten -- Unclean shutdown of previous Apache run?
[Tue May 13 13:10:44.836951 2025] [mpm_prefork:notice] [pid 17] AH00163: Apache/2.4.58 (Ubuntu) OpenSSL/3.0.13 configured -- resuming normal operations
[Tue May 13 13:10:44.836986 2025] [core:notice] [pid 17] AH00094: Command line: '/usr/sbin/apache2 -D FOREGROUND'
[Tue May 13 13:10:44.907665 2025] [core:warn] [pid 17] AH00098: pid file /var/run/apache2/apache2.pid overwritten -- Unclean shutdown of previous Apache run?
[Tue May 13 13:10:44.913853 2025] [mpm_prefork:notice] [pid 17] AH00163: Apache/2.4.58 (Ubuntu) OpenSSL/3.0.13 configured -- resuming normal operations
[Tue May 13 13:10:44.913883 2025] [core:notice] [pid 17] AH00094: Command line: '/usr/sbin/apache2 -D FOREGROUND'
[Tue May 13 13:10:45.105137 2025] [core:warn] [pid 17] AH00098: pid file /var/run/apache2/apache2.pid overwritten -- Unclean shutdown of previous Apache run?
[Tue May 13 13:10:45.111246 2025] [mpm_prefork:notice] [pid 17] AH00163: Apache/2.4.58 (Ubuntu) OpenSSL/3.0.13 configured -- resuming normal operations
[Tue May 13 13:10:45.111271 2025] [core:notice] [pid 17] AH00094: Command line: '/usr/sbin/apache2 -D FOREGROUND'
[Tue May 13 13:10:45.654412 2025] [core:warn] [pid 18] AH00098: pid file /var/run/apache2/apache2.pid overwritten -- Unclean shutdown of previous Apache run?
[Tue May 13 13:10:45.660248 2025] [mpm_prefork:notice] [pid 18] AH00163: Apache/2.4.58 (Ubuntu) OpenSSL/3.0.13 configured -- resuming normal operations
[Tue May 13 13:10:45.660275 2025] [core:notice] [pid 18] AH00094: Command line: '/usr/sbin/apache2 -D FOREGROUND'
[Tue May 13 20:06:44.746838 2025] [core:warn] [pid 16] AH00098: pid file /var/run/apache2/apache2.pid overwritten -- Unclean shutdown of previous Apache run?
[Tue May 13 20:06:44.750921 2025] [mpm_prefork:notice] [pid 16] AH00163: Apache/2.4.58 (Ubuntu) OpenSSL/3.0.13 configured -- resuming normal operations
[Tue May 13 20:06:44.750939 2025] [core:notice] [pid 16] AH00094: Command line: '/usr/sbin/apache2 -D FOREGROUND'
[Tue May 13 20:06:44.827088 2025] [core:warn] [pid 17] AH00098: pid file /var/run/apache2/apache2.pid overwritten -- Unclean shutdown of previous Apache run?
[Tue May 13 20:06:44.830202 2025] [mpm_prefork:notice] [pid 17] AH00163: Apache/2.4.58 (Ubuntu) OpenSSL/3.0.13 configured -- resuming normal operations
[Tue May 13 20:06:44.830214 2025] [core:notice] [pid 17] AH00094: Command line: '/usr/sbin/apache2 -D FOREGROUND'
[Tue May 13 20:06:45.640894 2025] [core:warn] [pid 19] AH00098: pid file /var/run/apache2/apache2.pid overwritten -- Unclean shutdown of previous Apache run?
[Tue May 13 20:06:45.643666 2025] [mpm_prefork:notice] [pid 19] AH00163: Apache/2.4.58 (Ubuntu) OpenSSL/3.0.13 configured -- resuming normal operations
[Tue May 13 20:06:45.643679 2025] [core:notice] [pid 19] AH00094: Command line: '/usr/sbin/apache2 -D FOREGROUND'
[Tue May 13 20:06:46.281730 2025] [core:warn] [pid 18] AH00098: pid file /var/run/apache2/apache2.pid overwritten -- Unclean shutdown of previous Apache run?
[Tue May 13 20:06:46.284573 2025] [mpm_prefork:notice] [pid 18] AH00163: Apache/2.4.58 (Ubuntu) OpenSSL/3.0.13 configured -- resuming normal operations
[Tue May 13 20:06:46.284588 2025] [core:notice] [pid 18] AH00094: Command line: '/usr/sbin/apache2 -D FOREGROUND'
[Wed May 14 13:07:11.332761 2025] [core:warn] [pid 17] AH00098: pid file /var/run/apache2/apache2.pid overwritten -- Unclean shutdown of previous Apache run?
[Wed May 14 13:07:11.336101 2025] [mpm_prefork:notice] [pid 17] AH00163: Apache/2.4.58 (Ubuntu) OpenSSL/3.0.13 configured -- resuming normal operations
[Wed May 14 13:07:11.336115 2025] [core:notice] [pid 17] AH00094: Command line: '/usr/sbin/apache2 -D FOREGROUND'
[Wed May 14 13:07:11.593848 2025] [core:warn] [pid 17] AH00098: pid file /var/run/apache2/apache2.pid overwritten -- Unclean shutdown of previous Apache run?
[Wed May 14 13:07:11.598139 2025] [mpm_prefork:notice] [pid 17] AH00163: Apache/2.4.58 (Ubuntu) OpenSSL/3.0.13 configured -- resuming normal operations
[Wed May 14 13:07:11.598156 2025] [core:notice] [pid 17] AH00094: Command line: '/usr/sbin/apache2 -D FOREGROUND'
[Wed May 14 13:07:11.619405 2025] [core:warn] [pid 17] AH00098: pid file /var/run/apache2/apache2.pid overwritten -- Unclean shutdown of previous Apache run?
[Wed May 14 13:07:11.623311 2025] [mpm_prefork:notice] [pid 17] AH00163: Apache/2.4.58 (Ubuntu) OpenSSL/3.0.13 configured -- resuming normal operations
[Wed May 14 13:07:11.623332 2025] [core:notice] [pid 17] AH00094: Command line: '/usr/sbin/apache2 -D FOREGROUND'
[Wed May 14 13:07:15.928637 2025] [core:warn] [pid 18] AH00098: pid file /var/run/apache2/apache2.pid overwritten -- Unclean shutdown of previous Apache run?
[Wed May 14 13:07:15.932147 2025] [mpm_prefork:notice] [pid 18] AH00163: Apache/2.4.58 (Ubuntu) OpenSSL/3.0.13 configured -- resuming normal operations
[Wed May 14 13:07:15.932165 2025] [core:notice] [pid 18] AH00094: Command line: '/usr/sbin/apache2 -D FOREGROUND'
[Fri May 16 18:33:14.654149 2025] [core:warn] [pid 17] AH00098: pid file /var/run/apache2/apache2.pid overwritten -- Unclean shutdown of previous Apache run?
[Fri May 16 18:33:14.657433 2025] [mpm_prefork:notice] [pid 17] AH00163: Apache/2.4.58 (Ubuntu) OpenSSL/3.0.13 configured -- resuming normal operations
[Fri May 16 18:33:14.657447 2025] [core:notice] [pid 17] AH00094: Command line: '/usr/sbin/apache2 -D FOREGROUND'
[Fri May 16 18:33:14.739215 2025] [core:warn] [pid 17] AH00098: pid file /var/run/apache2/apache2.pid overwritten -- Unclean shutdown of previous Apache run?
[Fri May 16 18:33:14.742360 2025] [mpm_prefork:notice] [pid 17] AH00163: Apache/2.4.58 (Ubuntu) OpenSSL/3.0.13 configured -- resuming normal operations
[Fri May 16 18:33:14.742377 2025] [core:notice] [pid 17] AH00094: Command line: '/usr/sbin/apache2 -D FOREGROUND'
[Fri May 16 18:33:14.763391 2025] [core:warn] [pid 17] AH00098: pid file /var/run/apache2/apache2.pid overwritten -- Unclean shutdown of previous Apache run?
[Fri May 16 18:33:14.766177 2025] [mpm_prefork:notice] [pid 17] AH00163: Apache/2.4.58 (Ubuntu) OpenSSL/3.0.13 configured -- resuming normal operations
[Fri May 16 18:33:14.766198 2025] [core:notice] [pid 17] AH00094: Command line: '/usr/sbin/apache2 -D FOREGROUND'
[Fri May 16 18:33:15.187531 2025] [core:warn] [pid 16] AH00098: pid file /var/run/apache2/apache2.pid overwritten -- Unclean shutdown of previous Apache run?
[Fri May 16 18:33:15.190371 2025] [mpm_prefork:notice] [pid 16] AH00163: Apache/2.4.58 (Ubuntu) OpenSSL/3.0.13 configured -- resuming normal operations
[Fri May 16 18:33:15.190384 2025] [core:notice] [pid 16] AH00094: Command line: '/usr/sbin/apache2 -D FOREGROUND'
[Sat May 17 00:18:55.663550 2025] [mpm_prefork:notice] [pid 17] AH00163: Apache/2.4.58 (Ubuntu) OpenSSL/3.0.13 configured -- resuming normal operations
[Sat May 17 00:18:55.663970 2025] [core:notice] [pid 17] AH00094: Command line: '/usr/sbin/apache2 -D FOREGROUND'
[Sat May 17 00:18:55.665428 2025] [mpm_prefork:notice] [pid 16] AH00163: Apache/2.4.58 (Ubuntu) OpenSSL/3.0.13 configured -- resuming normal operations
[Sat May 17 00:18:55.665505 2025] [core:notice] [pid 16] AH00094: Command line: '/usr/sbin/apache2 -D FOREGROUND'
[Sat May 17 00:18:55.787826 2025] [mpm_prefork:notice] [pid 18] AH00163: Apache/2.4.58 (Ubuntu) OpenSSL/3.0.13 configured -- resuming normal operations
[Sat May 17 00:18:55.787888 2025] [core:notice] [pid 18] AH00094: Command line: '/usr/sbin/apache2 -D FOREGROUND'
[Sat May 17 00:18:56.167371 2025] [mpm_prefork:notice] [pid 17] AH00163: Apache/2.4.58 (Ubuntu) OpenSSL/3.0.13 configured -- resuming normal operations
[Sat May 17 00:18:56.167435 2025] [core:notice] [pid 17] AH00094: Command line: '/usr/sbin/apache2 -D FOREGROUND'
[Sat May 17 08:22:04.621302 2025] [core:warn] [pid 17] AH00098: pid file /var/run/apache2/apache2.pid overwritten -- Unclean shutdown of previous Apache run?
[Sat May 17 08:22:04.624415 2025] [mpm_prefork:notice] [pid 17] AH00163: Apache/2.4.58 (Ubuntu) OpenSSL/3.0.13 configured -- resuming normal operations
[Sat May 17 08:22:04.624430 2025] [core:notice] [pid 17] AH00094: Command line: '/usr/sbin/apache2 -D FOREGROUND'
[Sat May 17 08:22:05.717704 2025] [core:warn] [pid 17] AH00098: pid file /var/run/apache2/apache2.pid overwritten -- Unclean shutdown of previous Apache run?
[Sat May 17 08:22:05.720857 2025] [mpm_prefork:notice] [pid 17] AH00163: Apache/2.4.58 (Ubuntu) OpenSSL/3.0.13 configured -- resuming normal operations
[Sat May 17 08:22:05.720872 2025] [core:notice] [pid 17] AH00094: Command line: '/usr/sbin/apache2 -D FOREGROUND'
[Sat May 17 08:22:05.831091 2025] [core:warn] [pid 19] AH00098: pid file /var/run/apache2/apache2.pid overwritten -- Unclean shutdown of previous Apache run?
[Sat May 17 08:22:05.834034 2025] [mpm_prefork:notice] [pid 19] AH00163: Apache/2.4.58 (Ubuntu) OpenSSL/3.0.13 configured -- resuming normal operations
[Sat May 17 08:22:05.834049 2025] [core:notice] [pid 19] AH00094: Command line: '/usr/sbin/apache2 -D FOREGROUND'
[Sat May 17 08:22:07.923472 2025] [core:warn] [pid 17] AH00098: pid file /var/run/apache2/apache2.pid overwritten -- Unclean shutdown of previous Apache run?
[Sat May 17 08:22:07.926396 2025] [mpm_prefork:notice] [pid 17] AH00163: Apache/2.4.58 (Ubuntu) OpenSSL/3.0.13 configured -- resuming normal operations
[Sat May 17 08:22:07.926412 2025] [core:notice] [pid 17] AH00094: Command line: '/usr/sbin/apache2 -D FOREGROUND'
[Sat May 17 09:20:30.384300 2025] [mpm_prefork:notice] [pid 16] AH00163: Apache/2.4.58 (Ubuntu) OpenSSL/3.0.13 configured -- resuming normal operations
[Sat May 17 09:20:30.384543 2025] [core:notice] [pid 16] AH00094: Command line: '/usr/sbin/apache2 -D FOREGROUND'
[Sat May 17 09:20:30.500089 2025] [mpm_prefork:notice] [pid 17] AH00163: Apache/2.4.58 (Ubuntu) OpenSSL/3.0.13 configured -- resuming normal operations
[Sat May 17 09:20:30.500119 2025] [core:notice] [pid 17] AH00094: Command line: '/usr/sbin/apache2 -D FOREGROUND'
[Sat May 17 09:20:30.571013 2025] [mpm_prefork:notice] [pid 17] AH00163: Apache/2.4.58 (Ubuntu) OpenSSL/3.0.13 configured -- resuming normal operations
[Sat May 17 09:20:30.571043 2025] [core:notice] [pid 17] AH00094: Command line: '/usr/sbin/apache2 -D FOREGROUND'
[Sat May 17 09:20:30.990474 2025] [mpm_prefork:notice] [pid 17] AH00163: Apache/2.4.58 (Ubuntu) OpenSSL/3.0.13 configured -- resuming normal operations
[Sat May 17 09:20:30.990511 2025] [core:notice] [pid 17] AH00094: Command line: '/usr/sbin/apache2 -D FOREGROUND'
