[Thu May 01 19:40:46.455871 2025] [ssl:warn] [pid 16] AH01909: localhost:443:0 server certificate does NOT include an ID which matches the server name
[Thu May 01 19:40:46.455882 2025] [ssl:warn] [pid 18] AH01909: localhost:443:0 server certificate does NOT include an ID which matches the server name
[Thu May 01 19:40:46.456403 2025] [ssl:warn] [pid 15] AH01909: localhost:443:0 server certificate does NOT include an ID which matches the server name
[Thu May 01 19:40:46.526571 2025] [ssl:warn] [pid 18] AH01909: localhost:443:0 server certificate does NOT include an ID which matches the server name
[Thu May 01 19:40:46.526674 2025] [ssl:warn] [pid 15] AH01909: localhost:443:0 server certificate does NOT include an ID which matches the server name
[Thu May 01 19:40:46.526866 2025] [ssl:warn] [pid 16] AH01909: localhost:443:0 server certificate does NOT include an ID which matches the server name
[Thu May 01 19:40:46.604684 2025] [ssl:warn] [pid 14] AH01909: localhost:443:0 server certificate does NOT include an ID which matches the server name
[Thu May 01 19:40:46.624136 2025] [ssl:warn] [pid 14] AH01909: localhost:443:0 server certificate does NOT include an ID which matches the server name
[Tue May 06 21:44:01.004029 2025] [ssl:warn] [pid 16] AH01909: localhost:443:0 server certificate does NOT include an ID which matches the server name
[Tue May 06 21:44:01.027713 2025] [ssl:warn] [pid 16] AH01909: localhost:443:0 server certificate does NOT include an ID which matches the server name
[Tue May 06 21:44:01.057294 2025] [ssl:warn] [pid 17] AH01909: localhost:443:0 server certificate does NOT include an ID which matches the server name
[Tue May 06 21:44:01.078256 2025] [ssl:warn] [pid 17] AH01909: localhost:443:0 server certificate does NOT include an ID which matches the server name
[Tue May 06 21:44:01.181510 2025] [ssl:warn] [pid 16] AH01909: localhost:443:0 server certificate does NOT include an ID which matches the server name
[Tue May 06 21:44:01.198243 2025] [ssl:warn] [pid 16] AH01909: localhost:443:0 server certificate does NOT include an ID which matches the server name
[Tue May 06 21:44:01.427611 2025] [ssl:warn] [pid 17] AH01909: localhost:443:0 server certificate does NOT include an ID which matches the server name
[Tue May 06 21:44:01.445349 2025] [ssl:warn] [pid 17] AH01909: localhost:443:0 server certificate does NOT include an ID which matches the server name
[Tue May 06 21:53:25.074963 2025] [ssl:warn] [pid 17] AH01909: localhost:443:0 server certificate does NOT include an ID which matches the server name
[Tue May 06 21:53:25.100246 2025] [ssl:warn] [pid 17] AH01909: localhost:443:0 server certificate does NOT include an ID which matches the server name
[Tue May 06 21:53:25.171236 2025] [ssl:warn] [pid 17] AH01909: localhost:443:0 server certificate does NOT include an ID which matches the server name
[Tue May 06 21:53:25.193326 2025] [ssl:warn] [pid 17] AH01909: localhost:443:0 server certificate does NOT include an ID which matches the server name
[Tue May 06 21:53:25.246158 2025] [ssl:warn] [pid 16] AH01909: localhost:443:0 server certificate does NOT include an ID which matches the server name
[Tue May 06 21:53:25.269463 2025] [ssl:warn] [pid 16] AH01909: localhost:443:0 server certificate does NOT include an ID which matches the server name
[Tue May 06 21:53:25.323140 2025] [ssl:warn] [pid 19] AH01909: localhost:443:0 server certificate does NOT include an ID which matches the server name
[Tue May 06 21:53:25.346453 2025] [ssl:warn] [pid 19] AH01909: localhost:443:0 server certificate does NOT include an ID which matches the server name
[Tue May 06 21:57:07.298296 2025] [ssl:warn] [pid 20] AH01909: localhost:443:0 server certificate does NOT include an ID which matches the server name
[Tue May 06 21:57:07.319081 2025] [ssl:warn] [pid 20] AH01909: localhost:443:0 server certificate does NOT include an ID which matches the server name
[Tue May 06 21:57:07.613624 2025] [ssl:warn] [pid 18] AH01909: localhost:443:0 server certificate does NOT include an ID which matches the server name
[Tue May 06 21:57:07.632103 2025] [ssl:warn] [pid 18] AH01909: localhost:443:0 server certificate does NOT include an ID which matches the server name
[Tue May 06 21:57:07.635227 2025] [ssl:warn] [pid 18] AH01909: localhost:443:0 server certificate does NOT include an ID which matches the server name
[Tue May 06 21:57:07.651323 2025] [ssl:warn] [pid 18] AH01909: localhost:443:0 server certificate does NOT include an ID which matches the server name
[Tue May 06 21:57:07.780861 2025] [ssl:warn] [pid 17] AH01909: localhost:443:0 server certificate does NOT include an ID which matches the server name
[Tue May 06 21:57:07.802270 2025] [ssl:warn] [pid 17] AH01909: localhost:443:0 server certificate does NOT include an ID which matches the server name
[Wed May 07 15:36:38.892336 2025] [ssl:warn] [pid 20] AH01909: localhost:443:0 server certificate does NOT include an ID which matches the server name
[Wed May 07 15:36:38.945637 2025] [ssl:warn] [pid 20] AH01909: localhost:443:0 server certificate does NOT include an ID which matches the server name
[Wed May 07 15:36:38.957286 2025] [ssl:warn] [pid 20] AH01909: localhost:443:0 server certificate does NOT include an ID which matches the server name
[Wed May 07 15:36:38.973565 2025] [ssl:warn] [pid 20] AH01909: localhost:443:0 server certificate does NOT include an ID which matches the server name
[Wed May 07 15:36:39.232443 2025] [ssl:warn] [pid 17] AH01909: localhost:443:0 server certificate does NOT include an ID which matches the server name
[Wed May 07 15:36:39.258211 2025] [ssl:warn] [pid 17] AH01909: localhost:443:0 server certificate does NOT include an ID which matches the server name
[Wed May 07 15:36:39.737268 2025] [ssl:warn] [pid 20] AH01909: localhost:443:0 server certificate does NOT include an ID which matches the server name
[Wed May 07 15:36:39.763823 2025] [ssl:warn] [pid 20] AH01909: localhost:443:0 server certificate does NOT include an ID which matches the server name
[Wed May 07 14:59:25.884926 2025] [ssl:warn] [pid 19] AH01909: localhost:443:0 server certificate does NOT include an ID which matches the server name
[Wed May 07 14:59:25.918668 2025] [ssl:warn] [pid 19] AH01909: localhost:443:0 server certificate does NOT include an ID which matches the server name
[Wed May 07 14:59:26.082961 2025] [ssl:warn] [pid 19] AH01909: localhost:443:0 server certificate does NOT include an ID which matches the server name
[Wed May 07 14:59:26.115365 2025] [ssl:warn] [pid 19] AH01909: localhost:443:0 server certificate does NOT include an ID which matches the server name
[Wed May 07 14:59:26.327971 2025] [ssl:warn] [pid 18] AH01909: localhost:443:0 server certificate does NOT include an ID which matches the server name
[Wed May 07 14:59:26.359963 2025] [ssl:warn] [pid 18] AH01909: localhost:443:0 server certificate does NOT include an ID which matches the server name
[Wed May 07 14:59:26.723013 2025] [ssl:warn] [pid 17] AH01909: localhost:443:0 server certificate does NOT include an ID which matches the server name
[Wed May 07 14:59:26.754344 2025] [ssl:warn] [pid 17] AH01909: localhost:443:0 server certificate does NOT include an ID which matches the server name
[Wed May 07 15:03:48.224084 2025] [ssl:warn] [pid 19] AH01909: localhost:443:0 server certificate does NOT include an ID which matches the server name
[Wed May 07 15:03:48.262569 2025] [ssl:warn] [pid 19] AH01909: localhost:443:0 server certificate does NOT include an ID which matches the server name
[Wed May 07 15:03:48.361025 2025] [ssl:warn] [pid 20] AH01909: localhost:443:0 server certificate does NOT include an ID which matches the server name
[Wed May 07 15:03:48.405621 2025] [ssl:warn] [pid 20] AH01909: localhost:443:0 server certificate does NOT include an ID which matches the server name
[Wed May 07 15:03:48.594108 2025] [ssl:warn] [pid 18] AH01909: localhost:443:0 server certificate does NOT include an ID which matches the server name
[Wed May 07 15:03:48.628116 2025] [ssl:warn] [pid 18] AH01909: localhost:443:0 server certificate does NOT include an ID which matches the server name
[Wed May 07 15:03:48.779724 2025] [ssl:warn] [pid 17] AH01909: localhost:443:0 server certificate does NOT include an ID which matches the server name
[Wed May 07 15:03:48.816866 2025] [ssl:warn] [pid 17] AH01909: localhost:443:0 server certificate does NOT include an ID which matches the server name
[Wed May 07 15:11:21.336074 2025] [ssl:warn] [pid 17] AH01909: localhost:443:0 server certificate does NOT include an ID which matches the server name
[Wed May 07 15:11:21.380642 2025] [ssl:warn] [pid 17] AH01909: localhost:443:0 server certificate does NOT include an ID which matches the server name
[Wed May 07 15:11:21.425442 2025] [ssl:warn] [pid 18] AH01909: localhost:443:0 server certificate does NOT include an ID which matches the server name
[Wed May 07 15:11:21.465126 2025] [ssl:warn] [pid 18] AH01909: localhost:443:0 server certificate does NOT include an ID which matches the server name
[Wed May 07 15:11:21.875513 2025] [ssl:warn] [pid 17] AH01909: localhost:443:0 server certificate does NOT include an ID which matches the server name
[Wed May 07 15:11:21.914914 2025] [ssl:warn] [pid 17] AH01909: localhost:443:0 server certificate does NOT include an ID which matches the server name
[Wed May 07 15:11:21.922844 2025] [ssl:warn] [pid 17] AH01909: localhost:443:0 server certificate does NOT include an ID which matches the server name
[Wed May 07 15:11:21.958465 2025] [ssl:warn] [pid 17] AH01909: localhost:443:0 server certificate does NOT include an ID which matches the server name
[Wed May 07 15:15:48.970956 2025] [ssl:warn] [pid 16] AH01909: localhost:443:0 server certificate does NOT include an ID which matches the server name
[Wed May 07 15:15:49.010706 2025] [ssl:warn] [pid 16] AH01909: localhost:443:0 server certificate does NOT include an ID which matches the server name
[Wed May 07 15:15:49.297681 2025] [ssl:warn] [pid 18] AH01909: localhost:443:0 server certificate does NOT include an ID which matches the server name
[Wed May 07 15:15:49.345120 2025] [ssl:warn] [pid 18] AH01909: localhost:443:0 server certificate does NOT include an ID which matches the server name
[Wed May 07 15:15:49.386916 2025] [ssl:warn] [pid 17] AH01909: localhost:443:0 server certificate does NOT include an ID which matches the server name
[Wed May 07 15:15:49.434908 2025] [ssl:warn] [pid 17] AH01909: localhost:443:0 server certificate does NOT include an ID which matches the server name
[Wed May 07 15:15:49.461724 2025] [ssl:warn] [pid 18] AH01909: localhost:443:0 server certificate does NOT include an ID which matches the server name
[Wed May 07 15:15:49.507282 2025] [ssl:warn] [pid 18] AH01909: localhost:443:0 server certificate does NOT include an ID which matches the server name
[Wed May 07 16:18:34.215046 2025] [ssl:warn] [pid 17] AH01909: localhost:443:0 server certificate does NOT include an ID which matches the server name
[Wed May 07 16:18:34.223913 2025] [ssl:warn] [pid 19] AH01909: localhost:443:0 server certificate does NOT include an ID which matches the server name
[Wed May 07 16:18:34.235268 2025] [ssl:warn] [pid 17] AH01909: localhost:443:0 server certificate does NOT include an ID which matches the server name
[Wed May 07 16:18:34.241536 2025] [ssl:warn] [pid 19] AH01909: localhost:443:0 server certificate does NOT include an ID which matches the server name
[Wed May 07 16:18:34.378333 2025] [ssl:warn] [pid 17] AH01909: localhost:443:0 server certificate does NOT include an ID which matches the server name
[Wed May 07 16:18:34.394845 2025] [ssl:warn] [pid 17] AH01909: localhost:443:0 server certificate does NOT include an ID which matches the server name
[Wed May 07 16:18:34.838567 2025] [ssl:warn] [pid 18] AH01909: localhost:443:0 server certificate does NOT include an ID which matches the server name
[Wed May 07 16:18:34.856569 2025] [ssl:warn] [pid 18] AH01909: localhost:443:0 server certificate does NOT include an ID which matches the server name
[Wed May 07 18:28:38.170623 2025] [ssl:warn] [pid 17] AH01909: localhost:443:0 server certificate does NOT include an ID which matches the server name
[Wed May 07 18:28:38.225361 2025] [ssl:warn] [pid 17] AH01909: localhost:443:0 server certificate does NOT include an ID which matches the server name
[Wed May 07 18:28:38.225888 2025] [ssl:warn] [pid 17] AH01909: localhost:443:0 server certificate does NOT include an ID which matches the server name
[Wed May 07 18:28:38.243416 2025] [ssl:warn] [pid 17] AH01909: localhost:443:0 server certificate does NOT include an ID which matches the server name
[Wed May 07 18:28:38.350060 2025] [ssl:warn] [pid 17] AH01909: localhost:443:0 server certificate does NOT include an ID which matches the server name
[Wed May 07 18:28:38.366852 2025] [ssl:warn] [pid 17] AH01909: localhost:443:0 server certificate does NOT include an ID which matches the server name
[Wed May 07 18:28:39.077460 2025] [ssl:warn] [pid 18] AH01909: localhost:443:0 server certificate does NOT include an ID which matches the server name
[Wed May 07 18:28:39.094197 2025] [ssl:warn] [pid 18] AH01909: localhost:443:0 server certificate does NOT include an ID which matches the server name
[Thu May 08 19:37:01.533240 2025] [ssl:warn] [pid 19] AH01909: localhost:443:0 server certificate does NOT include an ID which matches the server name
[Thu May 08 19:37:01.554594 2025] [ssl:warn] [pid 19] AH01909: localhost:443:0 server certificate does NOT include an ID which matches the server name
[Thu May 08 19:37:01.801061 2025] [ssl:warn] [pid 19] AH01909: localhost:443:0 server certificate does NOT include an ID which matches the server name
[Thu May 08 19:37:01.819404 2025] [ssl:warn] [pid 19] AH01909: localhost:443:0 server certificate does NOT include an ID which matches the server name
[Thu May 08 19:37:02.067228 2025] [ssl:warn] [pid 18] AH01909: localhost:443:0 server certificate does NOT include an ID which matches the server name
[Thu May 08 19:37:02.090818 2025] [ssl:warn] [pid 18] AH01909: localhost:443:0 server certificate does NOT include an ID which matches the server name
[Thu May 08 19:37:02.092389 2025] [ssl:warn] [pid 17] AH01909: localhost:443:0 server certificate does NOT include an ID which matches the server name
[Thu May 08 19:37:02.119353 2025] [ssl:warn] [pid 17] AH01909: localhost:443:0 server certificate does NOT include an ID which matches the server name
[Thu May 08 19:43:33.384551 2025] [ssl:warn] [pid 18] AH01909: localhost:443:0 server certificate does NOT include an ID which matches the server name
[Thu May 08 19:43:33.405265 2025] [ssl:warn] [pid 18] AH01909: localhost:443:0 server certificate does NOT include an ID which matches the server name
[Thu May 08 19:43:33.552336 2025] [ssl:warn] [pid 18] AH01909: localhost:443:0 server certificate does NOT include an ID which matches the server name
[Thu May 08 19:43:33.574876 2025] [ssl:warn] [pid 18] AH01909: localhost:443:0 server certificate does NOT include an ID which matches the server name
[Thu May 08 19:43:33.686084 2025] [ssl:warn] [pid 17] AH01909: localhost:443:0 server certificate does NOT include an ID which matches the server name
[Thu May 08 19:43:33.713345 2025] [ssl:warn] [pid 17] AH01909: localhost:443:0 server certificate does NOT include an ID which matches the server name
[Thu May 08 19:43:33.723867 2025] [ssl:warn] [pid 18] AH01909: localhost:443:0 server certificate does NOT include an ID which matches the server name
[Thu May 08 19:43:33.745770 2025] [ssl:warn] [pid 18] AH01909: localhost:443:0 server certificate does NOT include an ID which matches the server name
[Thu May 08 19:49:02.358110 2025] [ssl:warn] [pid 19] AH01909: localhost:443:0 server certificate does NOT include an ID which matches the server name
[Thu May 08 19:49:02.371613 2025] [ssl:warn] [pid 17] AH01909: localhost:443:0 server certificate does NOT include an ID which matches the server name
[Thu May 08 19:49:02.377117 2025] [ssl:warn] [pid 19] AH01909: localhost:443:0 server certificate does NOT include an ID which matches the server name
[Thu May 08 19:49:02.389326 2025] [ssl:warn] [pid 17] AH01909: localhost:443:0 server certificate does NOT include an ID which matches the server name
[Thu May 08 19:49:02.555000 2025] [ssl:warn] [pid 20] AH01909: localhost:443:0 server certificate does NOT include an ID which matches the server name
[Thu May 08 19:49:02.572713 2025] [ssl:warn] [pid 20] AH01909: localhost:443:0 server certificate does NOT include an ID which matches the server name
[Thu May 08 19:49:02.731219 2025] [ssl:warn] [pid 17] AH01909: localhost:443:0 server certificate does NOT include an ID which matches the server name
[Thu May 08 19:49:02.755284 2025] [ssl:warn] [pid 17] AH01909: localhost:443:0 server certificate does NOT include an ID which matches the server name
[Thu May 08 20:04:25.312975 2025] [ssl:warn] [pid 20] AH01909: localhost:443:0 server certificate does NOT include an ID which matches the server name
[Thu May 08 20:04:25.335109 2025] [ssl:warn] [pid 20] AH01909: localhost:443:0 server certificate does NOT include an ID which matches the server name
[Thu May 08 20:04:25.524231 2025] [ssl:warn] [pid 17] AH01909: localhost:443:0 server certificate does NOT include an ID which matches the server name
[Thu May 08 20:04:25.556724 2025] [ssl:warn] [pid 17] AH01909: localhost:443:0 server certificate does NOT include an ID which matches the server name
[Thu May 08 20:04:25.564259 2025] [ssl:warn] [pid 18] AH01909: localhost:443:0 server certificate does NOT include an ID which matches the server name
[Thu May 08 20:04:25.592669 2025] [ssl:warn] [pid 18] AH01909: localhost:443:0 server certificate does NOT include an ID which matches the server name
[Thu May 08 20:04:26.015231 2025] [ssl:warn] [pid 18] AH01909: localhost:443:0 server certificate does NOT include an ID which matches the server name
[Thu May 08 20:04:26.037630 2025] [ssl:warn] [pid 18] AH01909: localhost:443:0 server certificate does NOT include an ID which matches the server name
[Thu May 08 20:18:20.622582 2025] [ssl:warn] [pid 19] AH01909: localhost:443:0 server certificate does NOT include an ID which matches the server name
[Thu May 08 20:18:20.642418 2025] [ssl:warn] [pid 19] AH01909: localhost:443:0 server certificate does NOT include an ID which matches the server name
[Thu May 08 20:18:20.752749 2025] [ssl:warn] [pid 19] AH01909: localhost:443:0 server certificate does NOT include an ID which matches the server name
[Thu May 08 20:18:20.771962 2025] [ssl:warn] [pid 19] AH01909: localhost:443:0 server certificate does NOT include an ID which matches the server name
[Thu May 08 20:18:20.912342 2025] [ssl:warn] [pid 17] AH01909: localhost:443:0 server certificate does NOT include an ID which matches the server name
[Thu May 08 20:18:20.929863 2025] [ssl:warn] [pid 17] AH01909: localhost:443:0 server certificate does NOT include an ID which matches the server name
[Thu May 08 20:18:21.047584 2025] [ssl:warn] [pid 19] AH01909: localhost:443:0 server certificate does NOT include an ID which matches the server name
[Thu May 08 20:18:21.066853 2025] [ssl:warn] [pid 19] AH01909: localhost:443:0 server certificate does NOT include an ID which matches the server name
[Thu May 08 20:32:18.963726 2025] [ssl:warn] [pid 16] AH01909: localhost:443:0 server certificate does NOT include an ID which matches the server name
[Thu May 08 20:32:18.985626 2025] [ssl:warn] [pid 16] AH01909: localhost:443:0 server certificate does NOT include an ID which matches the server name
[Thu May 08 20:32:19.685395 2025] [ssl:warn] [pid 17] AH01909: localhost:443:0 server certificate does NOT include an ID which matches the server name
[Thu May 08 20:32:19.707893 2025] [ssl:warn] [pid 17] AH01909: localhost:443:0 server certificate does NOT include an ID which matches the server name
[Thu May 08 20:32:19.787770 2025] [ssl:warn] [pid 20] AH01909: localhost:443:0 server certificate does NOT include an ID which matches the server name
[Thu May 08 20:32:19.814504 2025] [ssl:warn] [pid 20] AH01909: localhost:443:0 server certificate does NOT include an ID which matches the server name
[Thu May 08 20:32:19.911230 2025] [ssl:warn] [pid 17] AH01909: localhost:443:0 server certificate does NOT include an ID which matches the server name
[Thu May 08 20:32:19.939679 2025] [ssl:warn] [pid 17] AH01909: localhost:443:0 server certificate does NOT include an ID which matches the server name
[Thu May 08 21:05:43.902584 2025] [ssl:warn] [pid 15] AH01909: localhost:443:0 server certificate does NOT include an ID which matches the server name
[Thu May 08 21:05:43.929754 2025] [ssl:warn] [pid 17] AH01909: localhost:443:0 server certificate does NOT include an ID which matches the server name
[Thu May 08 21:05:43.930620 2025] [ssl:warn] [pid 15] AH01909: localhost:443:0 server certificate does NOT include an ID which matches the server name
[Thu May 08 21:05:43.951745 2025] [ssl:warn] [pid 17] AH01909: localhost:443:0 server certificate does NOT include an ID which matches the server name
[Thu May 08 21:05:44.146858 2025] [ssl:warn] [pid 17] AH01909: localhost:443:0 server certificate does NOT include an ID which matches the server name
[Thu May 08 21:05:44.170540 2025] [ssl:warn] [pid 17] AH01909: localhost:443:0 server certificate does NOT include an ID which matches the server name
[Thu May 08 21:05:44.300108 2025] [ssl:warn] [pid 17] AH01909: localhost:443:0 server certificate does NOT include an ID which matches the server name
[Thu May 08 21:05:44.328793 2025] [ssl:warn] [pid 17] AH01909: localhost:443:0 server certificate does NOT include an ID which matches the server name
[Thu May 08 21:09:09.450053 2025] [ssl:warn] [pid 19] AH01909: localhost:443:0 server certificate does NOT include an ID which matches the server name
[Thu May 08 21:09:09.470908 2025] [ssl:warn] [pid 19] AH01909: localhost:443:0 server certificate does NOT include an ID which matches the server name
[Thu May 08 21:09:09.610523 2025] [ssl:warn] [pid 19] AH01909: localhost:443:0 server certificate does NOT include an ID which matches the server name
[Thu May 08 21:09:09.631903 2025] [ssl:warn] [pid 19] AH01909: localhost:443:0 server certificate does NOT include an ID which matches the server name
[Thu May 08 21:09:09.796191 2025] [ssl:warn] [pid 18] AH01909: localhost:443:0 server certificate does NOT include an ID which matches the server name
[Thu May 08 21:09:09.814585 2025] [ssl:warn] [pid 18] AH01909: localhost:443:0 server certificate does NOT include an ID which matches the server name
[Thu May 08 21:09:10.268653 2025] [ssl:warn] [pid 19] AH01909: localhost:443:0 server certificate does NOT include an ID which matches the server name
[Thu May 08 21:09:10.288167 2025] [ssl:warn] [pid 19] AH01909: localhost:443:0 server certificate does NOT include an ID which matches the server name
[Thu May 08 21:25:10.756199 2025] [ssl:warn] [pid 20] AH01909: localhost:443:0 server certificate does NOT include an ID which matches the server name
[Thu May 08 21:25:10.774505 2025] [ssl:warn] [pid 20] AH01909: localhost:443:0 server certificate does NOT include an ID which matches the server name
[Thu May 08 21:25:10.898262 2025] [ssl:warn] [pid 18] AH01909: localhost:443:0 server certificate does NOT include an ID which matches the server name
[Thu May 08 21:25:10.917620 2025] [ssl:warn] [pid 18] AH01909: localhost:443:0 server certificate does NOT include an ID which matches the server name
[Thu May 08 21:25:11.653277 2025] [ssl:warn] [pid 16] AH01909: localhost:443:0 server certificate does NOT include an ID which matches the server name
[Thu May 08 21:25:11.675118 2025] [ssl:warn] [pid 16] AH01909: localhost:443:0 server certificate does NOT include an ID which matches the server name
[Thu May 08 21:25:11.676311 2025] [ssl:warn] [pid 18] AH01909: localhost:443:0 server certificate does NOT include an ID which matches the server name
[Thu May 08 21:25:11.700702 2025] [ssl:warn] [pid 18] AH01909: localhost:443:0 server certificate does NOT include an ID which matches the server name
[Fri May 09 13:25:57.405855 2025] [ssl:warn] [pid 20] AH01909: localhost:443:0 server certificate does NOT include an ID which matches the server name
[Fri May 09 13:25:57.463211 2025] [ssl:warn] [pid 20] AH01909: localhost:443:0 server certificate does NOT include an ID which matches the server name
[Fri May 09 13:25:57.813201 2025] [ssl:warn] [pid 17] AH01909: localhost:443:0 server certificate does NOT include an ID which matches the server name
[Fri May 09 13:25:57.838475 2025] [ssl:warn] [pid 17] AH01909: localhost:443:0 server certificate does NOT include an ID which matches the server name
[Fri May 09 13:25:57.991652 2025] [ssl:warn] [pid 17] AH01909: localhost:443:0 server certificate does NOT include an ID which matches the server name
[Fri May 09 13:25:58.015600 2025] [ssl:warn] [pid 17] AH01909: localhost:443:0 server certificate does NOT include an ID which matches the server name
[Fri May 09 13:25:59.284879 2025] [ssl:warn] [pid 20] AH01909: localhost:443:0 server certificate does NOT include an ID which matches the server name
[Fri May 09 13:25:59.321889 2025] [ssl:warn] [pid 20] AH01909: localhost:443:0 server certificate does NOT include an ID which matches the server name
[Fri May 09 16:21:58.193598 2025] [ssl:warn] [pid 20] AH01909: localhost:443:0 server certificate does NOT include an ID which matches the server name
[Fri May 09 16:21:58.245385 2025] [ssl:warn] [pid 20] AH01909: localhost:443:0 server certificate does NOT include an ID which matches the server name
[Fri May 09 16:21:58.594343 2025] [ssl:warn] [pid 17] AH01909: localhost:443:0 server certificate does NOT include an ID which matches the server name
[Fri May 09 16:21:58.611916 2025] [ssl:warn] [pid 17] AH01909: localhost:443:0 server certificate does NOT include an ID which matches the server name
[Fri May 09 16:21:58.904650 2025] [ssl:warn] [pid 17] AH01909: localhost:443:0 server certificate does NOT include an ID which matches the server name
[Fri May 09 16:21:58.934751 2025] [ssl:warn] [pid 17] AH01909: localhost:443:0 server certificate does NOT include an ID which matches the server name
[Fri May 09 16:21:59.244632 2025] [ssl:warn] [pid 18] AH01909: localhost:443:0 server certificate does NOT include an ID which matches the server name
[Fri May 09 16:21:59.265288 2025] [ssl:warn] [pid 18] AH01909: localhost:443:0 server certificate does NOT include an ID which matches the server name
[Fri May 09 17:42:44.345884 2025] [ssl:warn] [pid 17] AH01909: localhost:443:0 server certificate does NOT include an ID which matches the server name
[Fri May 09 17:42:44.363646 2025] [ssl:warn] [pid 17] AH01909: localhost:443:0 server certificate does NOT include an ID which matches the server name
[Fri May 09 17:42:44.573953 2025] [ssl:warn] [pid 17] AH01909: localhost:443:0 server certificate does NOT include an ID which matches the server name
[Fri May 09 17:42:44.594494 2025] [ssl:warn] [pid 17] AH01909: localhost:443:0 server certificate does NOT include an ID which matches the server name
[Fri May 09 17:42:44.778650 2025] [ssl:warn] [pid 18] AH01909: localhost:443:0 server certificate does NOT include an ID which matches the server name
[Fri May 09 17:42:44.798160 2025] [ssl:warn] [pid 18] AH01909: localhost:443:0 server certificate does NOT include an ID which matches the server name
[Fri May 09 17:42:45.011164 2025] [ssl:warn] [pid 17] AH01909: localhost:443:0 server certificate does NOT include an ID which matches the server name
[Fri May 09 17:42:45.031290 2025] [ssl:warn] [pid 17] AH01909: localhost:443:0 server certificate does NOT include an ID which matches the server name
[Sat May 10 07:41:50.720407 2025] [ssl:warn] [pid 17] AH01909: localhost:443:0 server certificate does NOT include an ID which matches the server name
[Sat May 10 07:41:50.767820 2025] [ssl:warn] [pid 17] AH01909: localhost:443:0 server certificate does NOT include an ID which matches the server name
[Sat May 10 07:41:50.774636 2025] [ssl:warn] [pid 17] AH01909: localhost:443:0 server certificate does NOT include an ID which matches the server name
[Sat May 10 07:41:50.792772 2025] [ssl:warn] [pid 17] AH01909: localhost:443:0 server certificate does NOT include an ID which matches the server name
[Sat May 10 07:41:50.892064 2025] [ssl:warn] [pid 16] AH01909: localhost:443:0 server certificate does NOT include an ID which matches the server name
[Sat May 10 07:41:50.910259 2025] [ssl:warn] [pid 16] AH01909: localhost:443:0 server certificate does NOT include an ID which matches the server name
[Sat May 10 07:41:51.042572 2025] [ssl:warn] [pid 17] AH01909: localhost:443:0 server certificate does NOT include an ID which matches the server name
[Sat May 10 07:41:51.061893 2025] [ssl:warn] [pid 17] AH01909: localhost:443:0 server certificate does NOT include an ID which matches the server name
[Sat May 10 18:58:57.758123 2025] [ssl:warn] [pid 17] AH01909: localhost:443:0 server certificate does NOT include an ID which matches the server name
[Sat May 10 18:58:57.796653 2025] [ssl:warn] [pid 17] AH01909: localhost:443:0 server certificate does NOT include an ID which matches the server name
[Sat May 10 18:58:58.300082 2025] [ssl:warn] [pid 17] AH01909: localhost:443:0 server certificate does NOT include an ID which matches the server name
[Sat May 10 18:58:58.320679 2025] [ssl:warn] [pid 17] AH01909: localhost:443:0 server certificate does NOT include an ID which matches the server name
[Sat May 10 18:58:58.736812 2025] [ssl:warn] [pid 17] AH01909: localhost:443:0 server certificate does NOT include an ID which matches the server name
[Sat May 10 18:58:58.754287 2025] [ssl:warn] [pid 17] AH01909: localhost:443:0 server certificate does NOT include an ID which matches the server name
[Sat May 10 17:09:45.052023 2025] [ssl:warn] [pid 17] AH01909: localhost:443:0 server certificate does NOT include an ID which matches the server name
[Sat May 10 17:09:45.069810 2025] [ssl:warn] [pid 17] AH01909: localhost:443:0 server certificate does NOT include an ID which matches the server name
